{"/root/projects/ProjektIO/frontend/src/router.jsx": {"path":"/root/projects/ProjektIO/frontend/src/router.jsx","statementMap":{"0":{"start":{"line":15,"column":21},"end":{"line":64,"column":null}}},"fnMap":{},"branchMap":{},"s":{"0":4},"f":{},"b":{}}
,"/root/projects/ProjektIO/frontend/src/store.js": {"path":"/root/projects/ProjektIO/frontend/src/store.js","statementMap":{"0":{"start":{"line":5,"column":20},"end":{"line":12,"column":1}},"1":{"start":{"line":11,"column":40},"end":{"line":11,"column":85}}},"fnMap":{"0":{"name":"(anonymous_0)","decl":{"start":{"line":11,"column":14},"end":{"line":11,"column":15}},"loc":{"start":{"line":11,"column":40},"end":{"line":11,"column":85}}}},"branchMap":{},"s":{"0":5,"1":11},"f":{"0":11},"b":{}}
,"/root/projects/ProjektIO/frontend/src/testUtils.jsx": {"path":"/root/projects/ProjektIO/frontend/src/testUtils.jsx","statementMap":{"0":{"start":{"line":8,"column":37},"end":{"line":14,"column":null}},"1":{"start":{"line":9,"column":17},"end":{"line":11,"column":null}},"2":{"start":{"line":13,"column":2},"end":{"line":13,"column":null}},"3":{"start":{"line":16,"column":36},"end":{"line":20,"column":null}},"4":{"start":{"line":17,"column":16},"end":{"line":17,"column":null}},"5":{"start":{"line":19,"column":2},"end":{"line":19,"column":null}},"6":{"start":{"line":22,"column":35},"end":{"line":28,"column":null}},"7":{"start":{"line":23,"column":2},"end":{"line":26,"column":null}}},"fnMap":{"0":{"name":"(anonymous_0)","decl":{"start":{"line":8,"column":37},"end":{"line":8,"column":38}},"loc":{"start":{"line":8,"column":52},"end":{"line":14,"column":null}}},"1":{"name":"(anonymous_1)","decl":{"start":{"line":16,"column":36},"end":{"line":16,"column":37}},"loc":{"start":{"line":16,"column":54},"end":{"line":20,"column":null}}},"2":{"name":"(anonymous_2)","decl":{"start":{"line":22,"column":35},"end":{"line":22,"column":36}},"loc":{"start":{"line":22,"column":50},"end":{"line":28,"column":null}}}},"branchMap":{},"s":{"0":4,"1":3,"2":3,"3":4,"4":6,"5":6,"6":4,"7":3},"f":{"0":3,"1":6,"2":3},"b":{}}
,"/root/projects/ProjektIO/frontend/src/utils.js": {"path":"/root/projects/ProjektIO/frontend/src/utils.js","statementMap":{"0":{"start":{"line":1,"column":27},"end":{"line":5,"column":33}},"1":{"start":{"line":2,"column":2},"end":{"line":5,"column":33}}},"fnMap":{"0":{"name":"(anonymous_0)","decl":{"start":{"line":1,"column":27},"end":{"line":1,"column":28}},"loc":{"start":{"line":2,"column":2},"end":{"line":5,"column":33}}}},"branchMap":{"0":{"loc":{"start":{"line":1,"column":35},"end":{"line":1,"column":51}},"type":"default-arg","locations":[{"start":{"line":1,"column":46},"end":{"line":1,"column":51}}]},"1":{"loc":{"start":{"line":5,"column":19},"end":{"line":5,"column":31}},"type":"binary-expr","locations":[{"start":{"line":5,"column":19},"end":{"line":5,"column":24}},{"start":{"line":5,"column":28},"end":{"line":5,"column":31}}]}},"s":{"0":4,"1":2},"f":{"0":2},"b":{"0":[2],"1":[2,0]}}
,"/root/projects/ProjektIO/frontend/src/components/ChatBox.jsx": {"path":"/root/projects/ProjektIO/frontend/src/components/ChatBox.jsx","statementMap":{"0":{"start":{"line":8,"column":16},"end":{"line":171,"column":null}},"1":{"start":{"line":9,"column":36},"end":{"line":9,"column":null}},"2":{"start":{"line":10,"column":30},"end":{"line":10,"column":null}},"3":{"start":{"line":11,"column":32},"end":{"line":11,"column":null}},"4":{"start":{"line":12,"column":40},"end":{"line":14,"column":null}},"5":{"start":{"line":15,"column":82},"end":{"line":15,"column":null}},"6":{"start":{"line":16,"column":21},"end":{"line":16,"column":null}},"7":{"start":{"line":18,"column":38},"end":{"line":18,"column":null}},"8":{"start":{"line":19,"column":49},"end":{"line":19,"column":null}},"9":{"start":{"line":21,"column":24},"end":{"line":23,"column":null}},"10":{"start":{"line":22,"column":4},"end":{"line":22,"column":null}},"11":{"start":{"line":25,"column":28},"end":{"line":27,"column":null}},"12":{"start":{"line":26,"column":4},"end":{"line":26,"column":null}},"13":{"start":{"line":29,"column":27},"end":{"line":37,"column":null}},"14":{"start":{"line":30,"column":4},"end":{"line":30,"column":null}},"15":{"start":{"line":31,"column":4},"end":{"line":36,"column":null}},"16":{"start":{"line":32,"column":6},"end":{"line":32,"column":null}},"17":{"start":{"line":32,"column":42},"end":{"line":32,"column":97}},"18":{"start":{"line":33,"column":6},"end":{"line":33,"column":null}},"19":{"start":{"line":35,"column":6},"end":{"line":35,"column":null}},"20":{"start":{"line":39,"column":2},"end":{"line":66,"column":null}},"21":{"start":{"line":40,"column":4},"end":{"line":45,"column":null}},"22":{"start":{"line":41,"column":6},"end":{"line":44,"column":null}},"23":{"start":{"line":41,"column":42},"end":{"line":44,"column":7}},"24":{"start":{"line":47,"column":4},"end":{"line":65,"column":null}},"25":{"start":{"line":48,"column":23},"end":{"line":48,"column":null}},"26":{"start":{"line":49,"column":17},"end":{"line":49,"column":null}},"27":{"start":{"line":51,"column":6},"end":{"line":56,"column":null}},"28":{"start":{"line":52,"column":22},"end":{"line":52,"column":null}},"29":{"start":{"line":53,"column":8},"end":{"line":53,"column":null}},"30":{"start":{"line":55,"column":8},"end":{"line":55,"column":null}},"31":{"start":{"line":58,"column":6},"end":{"line":61,"column":null}},"32":{"start":{"line":58,"column":42},"end":{"line":61,"column":7}},"33":{"start":{"line":62,"column":6},"end":{"line":64,"column":null}},"34":{"start":{"line":63,"column":8},"end":{"line":63,"column":null}},"35":{"start":{"line":68,"column":2},"end":{"line":77,"column":null}},"36":{"start":{"line":69,"column":4},"end":{"line":76,"column":null}},"37":{"start":{"line":70,"column":6},"end":{"line":75,"column":null}},"38":{"start":{"line":71,"column":8},"end":{"line":74,"column":null}},"39":{"start":{"line":71,"column":44},"end":{"line":74,"column":9}},"40":{"start":{"line":79,"column":2},"end":{"line":92,"column":null}},"41":{"start":{"line":80,"column":27},"end":{"line":85,"column":null}},"42":{"start":{"line":81,"column":6},"end":{"line":84,"column":null}},"43":{"start":{"line":82,"column":8},"end":{"line":82,"column":null}},"44":{"start":{"line":83,"column":8},"end":{"line":83,"column":null}},"45":{"start":{"line":87,"column":4},"end":{"line":87,"column":null}},"46":{"start":{"line":89,"column":4},"end":{"line":91,"column":null}},"47":{"start":{"line":90,"column":6},"end":{"line":90,"column":null}},"48":{"start":{"line":94,"column":2},"end":{"line":169,"column":null}},"49":{"start":{"line":122,"column":14},"end":{"line":125,"column":null}},"50":{"start":{"line":123,"column":32},"end":{"line":123,"column":null}},"51":{"start":{"line":124,"column":16},"end":{"line":124,"column":null}},"52":{"start":{"line":126,"column":14},"end":{"line":129,"column":null}}},"fnMap":{"0":{"name":"(anonymous_0)","decl":{"start":{"line":8,"column":16},"end":{"line":8,"column":22}},"loc":{"start":{"line":8,"column":22},"end":{"line":171,"column":null}}},"1":{"name":"(anonymous_1)","decl":{"start":{"line":21,"column":24},"end":{"line":21,"column":30}},"loc":{"start":{"line":21,"column":30},"end":{"line":23,"column":null}}},"2":{"name":"(anonymous_2)","decl":{"start":{"line":25,"column":28},"end":{"line":25,"column":29}},"loc":{"start":{"line":25,"column":39},"end":{"line":27,"column":null}}},"3":{"name":"(anonymous_3)","decl":{"start":{"line":29,"column":27},"end":{"line":29,"column":28}},"loc":{"start":{"line":29,"column":34},"end":{"line":37,"column":null}}},"4":{"name":"(anonymous_4)","decl":{"start":{"line":32,"column":21},"end":{"line":32,"column":22}},"loc":{"start":{"line":32,"column":42},"end":{"line":32,"column":97}}},"5":{"name":"(anonymous_5)","decl":{"start":{"line":39,"column":12},"end":{"line":39,"column":18}},"loc":{"start":{"line":39,"column":18},"end":{"line":66,"column":5}}},"6":{"name":"(anonymous_6)","decl":{"start":{"line":41,"column":21},"end":{"line":41,"column":22}},"loc":{"start":{"line":41,"column":42},"end":{"line":44,"column":7}}},"7":{"name":"(anonymous_7)","decl":{"start":{"line":58,"column":21},"end":{"line":58,"column":22}},"loc":{"start":{"line":58,"column":42},"end":{"line":61,"column":7}}},"8":{"name":"(anonymous_8)","decl":{"start":{"line":68,"column":12},"end":{"line":68,"column":18}},"loc":{"start":{"line":68,"column":18},"end":{"line":77,"column":5}}},"9":{"name":"(anonymous_9)","decl":{"start":{"line":71,"column":23},"end":{"line":71,"column":24}},"loc":{"start":{"line":71,"column":44},"end":{"line":74,"column":9}}},"10":{"name":"(anonymous_10)","decl":{"start":{"line":79,"column":12},"end":{"line":79,"column":18}},"loc":{"start":{"line":79,"column":18},"end":{"line":92,"column":5}}},"11":{"name":"(anonymous_11)","decl":{"start":{"line":80,"column":27},"end":{"line":80,"column":28}},"loc":{"start":{"line":80,"column":38},"end":{"line":85,"column":null}}},"12":{"name":"(anonymous_12)","decl":{"start":{"line":89,"column":11},"end":{"line":89,"column":17}},"loc":{"start":{"line":89,"column":17},"end":{"line":91,"column":null}}},"13":{"name":"(anonymous_13)","decl":{"start":{"line":121,"column":29},"end":{"line":121,"column":30}},"loc":{"start":{"line":121,"column":43},"end":{"line":131,"column":13}}}},"branchMap":{"0":{"loc":{"start":{"line":31,"column":4},"end":{"line":36,"column":null}},"type":"if","locations":[{"start":{"line":31,"column":4},"end":{"line":36,"column":null}},{"start":{"line":31,"column":4},"end":{"line":36,"column":null}}]},"1":{"loc":{"start":{"line":40,"column":4},"end":{"line":45,"column":null}},"type":"if","locations":[{"start":{"line":40,"column":4},"end":{"line":45,"column":null}},{"start":{"line":40,"column":4},"end":{"line":45,"column":null}}]},"2":{"loc":{"start":{"line":43,"column":16},"end":{"line":43,"column":47}},"type":"binary-expr","locations":[{"start":{"line":43,"column":16},"end":{"line":43,"column":38}},{"start":{"line":43,"column":38},"end":{"line":43,"column":47}}]},"3":{"loc":{"start":{"line":47,"column":4},"end":{"line":65,"column":null}},"type":"if","locations":[{"start":{"line":47,"column":4},"end":{"line":65,"column":null}},{"start":{"line":47,"column":4},"end":{"line":65,"column":null}}]},"4":{"loc":{"start":{"line":51,"column":6},"end":{"line":56,"column":null}},"type":"if","locations":[{"start":{"line":51,"column":6},"end":{"line":56,"column":null}},{"start":{"line":51,"column":6},"end":{"line":56,"column":null}}]},"5":{"loc":{"start":{"line":62,"column":6},"end":{"line":64,"column":null}},"type":"if","locations":[{"start":{"line":62,"column":6},"end":{"line":64,"column":null}},{"start":{"line":62,"column":6},"end":{"line":64,"column":null}}]},"6":{"loc":{"start":{"line":69,"column":4},"end":{"line":76,"column":null}},"type":"if","locations":[{"start":{"line":69,"column":4},"end":{"line":76,"column":null}},{"start":{"line":69,"column":4},"end":{"line":76,"column":null}}]},"7":{"loc":{"start":{"line":81,"column":6},"end":{"line":84,"column":null}},"type":"if","locations":[{"start":{"line":81,"column":6},"end":{"line":84,"column":null}},{"start":{"line":81,"column":6},"end":{"line":84,"column":null}}]},"8":{"loc":{"start":{"line":81,"column":10},"end":{"line":81,"column":51}},"type":"binary-expr","locations":[{"start":{"line":81,"column":10},"end":{"line":81,"column":35}},{"start":{"line":81,"column":35},"end":{"line":81,"column":51}}]},"9":{"loc":{"start":{"line":96,"column":7},"end":{"line":152,"column":null}},"type":"binary-expr","locations":[{"start":{"line":96,"column":7},"end":{"line":96,"column":null}},{"start":{"line":97,"column":8},"end":{"line":152,"column":null}}]},"10":{"loc":{"start":{"line":122,"column":14},"end":{"line":125,"column":null}},"type":"if","locations":[{"start":{"line":122,"column":14},"end":{"line":125,"column":null}},{"start":{"line":122,"column":14},"end":{"line":125,"column":null}}]},"11":{"loc":{"start":{"line":134,"column":13},"end":{"line":134,"column":null}},"type":"binary-expr","locations":[{"start":{"line":134,"column":13},"end":{"line":134,"column":26}},{"start":{"line":134,"column":26},"end":{"line":134,"column":null}}]},"12":{"loc":{"start":{"line":135,"column":13},"end":{"line":144,"column":null}},"type":"binary-expr","locations":[{"start":{"line":135,"column":13},"end":{"line":135,"column":null}},{"start":{"line":136,"column":14},"end":{"line":144,"column":null}}]},"13":{"loc":{"start":{"line":157,"column":27},"end":{"line":157,"column":null}},"type":"cond-expr","locations":[{"start":{"line":157,"column":36},"end":{"line":157,"column":47}},{"start":{"line":157,"column":47},"end":{"line":157,"column":null}}]}},"s":{"0":4,"1":3,"2":3,"3":3,"4":3,"5":3,"6":3,"7":3,"8":3,"9":3,"10":0,"11":3,"12":0,"13":3,"14":0,"15":0,"16":0,"17":0,"18":0,"19":0,"20":3,"21":3,"22":0,"23":0,"24":3,"25":0,"26":0,"27":0,"28":0,"29":0,"30":0,"31":0,"32":0,"33":0,"34":0,"35":3,"36":3,"37":0,"38":0,"39":0,"40":3,"41":3,"42":0,"43":0,"44":0,"45":3,"46":3,"47":3,"48":3,"49":0,"50":0,"51":0,"52":0},"f":{"0":3,"1":0,"2":0,"3":0,"4":0,"5":3,"6":0,"7":0,"8":3,"9":0,"10":3,"11":0,"12":3,"13":0},"b":{"0":[0,0],"1":[0,3],"2":[0,0],"3":[0,3],"4":[0,0],"5":[0,0],"6":[0,3],"7":[0,0],"8":[0,0],"9":[3,0],"10":[0,0],"11":[0,0],"12":[0,0],"13":[0,3]}}
,"/root/projects/ProjektIO/frontend/src/components/Footer.jsx": {"path":"/root/projects/ProjektIO/frontend/src/components/Footer.jsx","statementMap":{"0":{"start":{"line":7,"column":28},"end":{"line":7,"column":null}},"1":{"start":{"line":8,"column":28},"end":{"line":8,"column":null}},"2":{"start":{"line":9,"column":40},"end":{"line":9,"column":null}},"3":{"start":{"line":10,"column":53},"end":{"line":10,"column":null}},"4":{"start":{"line":12,"column":23},"end":{"line":16,"column":null}},"5":{"start":{"line":13,"column":4},"end":{"line":13,"column":null}},"6":{"start":{"line":14,"column":4},"end":{"line":14,"column":null}},"7":{"start":{"line":15,"column":4},"end":{"line":15,"column":null}},"8":{"start":{"line":18,"column":2},"end":{"line":33,"column":null}},"9":{"start":{"line":19,"column":4},"end":{"line":27,"column":null}},"10":{"start":{"line":20,"column":6},"end":{"line":20,"column":null}},"11":{"start":{"line":21,"column":6},"end":{"line":21,"column":null}},"12":{"start":{"line":22,"column":6},"end":{"line":26,"column":null}},"13":{"start":{"line":23,"column":8},"end":{"line":23,"column":null}},"14":{"start":{"line":24,"column":8},"end":{"line":24,"column":null}},"15":{"start":{"line":25,"column":8},"end":{"line":25,"column":null}},"16":{"start":{"line":29,"column":4},"end":{"line":32,"column":null}},"17":{"start":{"line":30,"column":6},"end":{"line":30,"column":null}},"18":{"start":{"line":31,"column":6},"end":{"line":31,"column":null}},"19":{"start":{"line":35,"column":2},"end":{"line":67,"column":null}},"20":{"start":{"line":48,"column":35},"end":{"line":48,"column":null}}},"fnMap":{"0":{"name":"Footer","decl":{"start":{"line":6,"column":9},"end":{"line":6,"column":18}},"loc":{"start":{"line":6,"column":18},"end":{"line":69,"column":null}}},"1":{"name":"(anonymous_1)","decl":{"start":{"line":12,"column":23},"end":{"line":12,"column":24}},"loc":{"start":{"line":12,"column":30},"end":{"line":16,"column":null}}},"2":{"name":"(anonymous_2)","decl":{"start":{"line":18,"column":12},"end":{"line":18,"column":18}},"loc":{"start":{"line":18,"column":18},"end":{"line":33,"column":5}}},"3":{"name":"(anonymous_3)","decl":{"start":{"line":22,"column":17},"end":{"line":22,"column":23}},"loc":{"start":{"line":22,"column":23},"end":{"line":26,"column":9}}},"4":{"name":"(anonymous_4)","decl":{"start":{"line":48,"column":28},"end":{"line":48,"column":29}},"loc":{"start":{"line":48,"column":35},"end":{"line":48,"column":null}}}},"branchMap":{"0":{"loc":{"start":{"line":19,"column":4},"end":{"line":27,"column":null}},"type":"if","locations":[{"start":{"line":19,"column":4},"end":{"line":27,"column":null}},{"start":{"line":19,"column":4},"end":{"line":27,"column":null}}]},"1":{"loc":{"start":{"line":21,"column":21},"end":{"line":21,"column":50}},"type":"binary-expr","locations":[{"start":{"line":21,"column":21},"end":{"line":21,"column":43}},{"start":{"line":21,"column":43},"end":{"line":21,"column":50}}]},"2":{"loc":{"start":{"line":29,"column":4},"end":{"line":32,"column":null}},"type":"if","locations":[{"start":{"line":29,"column":4},"end":{"line":32,"column":null}},{"start":{"line":29,"column":4},"end":{"line":32,"column":null}}]},"3":{"loc":{"start":{"line":53,"column":25},"end":{"line":53,"column":null}},"type":"cond-expr","locations":[{"start":{"line":53,"column":46},"end":{"line":53,"column":58}},{"start":{"line":53,"column":58},"end":{"line":53,"column":null}}]},"4":{"loc":{"start":{"line":53,"column":25},"end":{"line":53,"column":46}},"type":"binary-expr","locations":[{"start":{"line":53,"column":25},"end":{"line":53,"column":38}},{"start":{"line":53,"column":38},"end":{"line":53,"column":46}}]},"5":{"loc":{"start":{"line":53,"column":58},"end":{"line":53,"column":null}},"type":"cond-expr","locations":[{"start":{"line":53,"column":77},"end":{"line":53,"column":88}},{"start":{"line":53,"column":88},"end":{"line":53,"column":null}}]},"6":{"loc":{"start":{"line":53,"column":58},"end":{"line":53,"column":77}},"type":"binary-expr","locations":[{"start":{"line":53,"column":58},"end":{"line":53,"column":69}},{"start":{"line":53,"column":69},"end":{"line":53,"column":77}}]}},"s":{"0":9,"1":9,"2":9,"3":9,"4":9,"5":1,"6":1,"7":1,"8":9,"9":6,"10":0,"11":0,"12":0,"13":0,"14":0,"15":0,"16":6,"17":0,"18":0,"19":9,"20":2},"f":{"0":9,"1":1,"2":6,"3":0,"4":2},"b":{"0":[0,6],"1":[0,0],"2":[0,6],"3":[0,9],"4":[9,0],"5":[0,9],"6":[9,0]}}
,"/root/projects/ProjektIO/frontend/src/components/FormContainer.jsx": {"path":"/root/projects/ProjektIO/frontend/src/components/FormContainer.jsx","statementMap":{"0":{"start":{"line":4,"column":2},"end":{"line":11,"column":null}}},"fnMap":{"0":{"name":"FormContainer","decl":{"start":{"line":3,"column":9},"end":{"line":3,"column":23}},"loc":{"start":{"line":3,"column":37},"end":{"line":13,"column":null}}}},"branchMap":{},"s":{"0":0},"f":{"0":0},"b":{}}
,"/root/projects/ProjektIO/frontend/src/components/Header.jsx": {"path":"/root/projects/ProjektIO/frontend/src/components/Header.jsx","statementMap":{"0":{"start":{"line":9,"column":19},"end":{"line":9,"column":null}},"1":{"start":{"line":11,"column":19},"end":{"line":11,"column":null}},"2":{"start":{"line":11,"column":42},"end":{"line":11,"column":57}},"3":{"start":{"line":13,"column":24},"end":{"line":15,"column":null}},"4":{"start":{"line":14,"column":4},"end":{"line":14,"column":null}},"5":{"start":{"line":17,"column":23},"end":{"line":19,"column":null}},"6":{"start":{"line":18,"column":4},"end":{"line":18,"column":null}},"7":{"start":{"line":21,"column":2},"end":{"line":69,"column":null}},"8":{"start":{"line":57,"column":33},"end":{"line":57,"column":null}}},"fnMap":{"0":{"name":"Header","decl":{"start":{"line":8,"column":9},"end":{"line":8,"column":18}},"loc":{"start":{"line":8,"column":18},"end":{"line":71,"column":null}}},"1":{"name":"(anonymous_1)","decl":{"start":{"line":11,"column":31},"end":{"line":11,"column":32}},"loc":{"start":{"line":11,"column":42},"end":{"line":11,"column":57}}},"2":{"name":"(anonymous_2)","decl":{"start":{"line":13,"column":24},"end":{"line":13,"column":30}},"loc":{"start":{"line":13,"column":30},"end":{"line":15,"column":null}}},"3":{"name":"(anonymous_3)","decl":{"start":{"line":17,"column":23},"end":{"line":17,"column":24}},"loc":{"start":{"line":17,"column":32},"end":{"line":19,"column":null}}},"4":{"name":"(anonymous_4)","decl":{"start":{"line":57,"column":27},"end":{"line":57,"column":33}},"loc":{"start":{"line":57,"column":33},"end":{"line":57,"column":null}}}},"branchMap":{"0":{"loc":{"start":{"line":39,"column":15},"end":{"line":52,"column":null}},"type":"cond-expr","locations":[{"start":{"line":40,"column":16},"end":{"line":46,"column":null}},{"start":{"line":48,"column":16},"end":{"line":52,"column":null}}]},"1":{"loc":{"start":{"line":55,"column":15},"end":{"line":63,"column":null}},"type":"binary-expr","locations":[{"start":{"line":55,"column":15},"end":{"line":55,"column":23}},{"start":{"line":55,"column":23},"end":{"line":55,"column":null}},{"start":{"line":56,"column":16},"end":{"line":63,"column":null}}]}},"s":{"0":3,"1":3,"2":17,"3":3,"4":0,"5":3,"6":0,"7":3,"8":0},"f":{"0":3,"1":17,"2":0,"3":0,"4":0},"b":{"0":[0,3],"1":[3,0,0]}}
,"/root/projects/ProjektIO/frontend/src/components/Loader.jsx": {"path":"/root/projects/ProjektIO/frontend/src/components/Loader.jsx","statementMap":{"0":{"start":{"line":4,"column":2},"end":{"line":16,"column":null}}},"fnMap":{"0":{"name":"Loader","decl":{"start":{"line":3,"column":9},"end":{"line":3,"column":18}},"loc":{"start":{"line":3,"column":18},"end":{"line":18,"column":null}}}},"branchMap":{},"s":{"0":12},"f":{"0":12},"b":{}}
,"/root/projects/ProjektIO/frontend/src/components/Message.jsx": {"path":"/root/projects/ProjektIO/frontend/src/components/Message.jsx","statementMap":{"0":{"start":{"line":4,"column":2},"end":{"line":4,"column":null}}},"fnMap":{"0":{"name":"Message","decl":{"start":{"line":3,"column":9},"end":{"line":3,"column":17}},"loc":{"start":{"line":3,"column":40},"end":{"line":5,"column":null}}}},"branchMap":{},"s":{"0":0},"f":{"0":0},"b":{}}
,"/root/projects/ProjektIO/frontend/src/components/Paginate.jsx": {"path":"/root/projects/ProjektIO/frontend/src/components/Paginate.jsx","statementMap":{"0":{"start":{"line":5,"column":19},"end":{"line":5,"column":null}},"1":{"start":{"line":7,"column":15},"end":{"line":13,"column":null}},"2":{"start":{"line":8,"column":18},"end":{"line":8,"column":null}},"3":{"start":{"line":9,"column":4},"end":{"line":12,"column":null}},"4":{"start":{"line":15,"column":2},"end":{"line":23,"column":null}},"5":{"start":{"line":19,"column":10},"end":{"line":21,"column":null}},"6":{"start":{"line":19,"column":78},"end":{"line":19,"column":null}}},"fnMap":{"0":{"name":"Paginate","decl":{"start":{"line":4,"column":9},"end":{"line":4,"column":18}},"loc":{"start":{"line":4,"column":68},"end":{"line":26,"column":null}}},"1":{"name":"(anonymous_1)","decl":{"start":{"line":7,"column":15},"end":{"line":7,"column":16}},"loc":{"start":{"line":7,"column":25},"end":{"line":13,"column":null}}},"2":{"name":"(anonymous_2)","decl":{"start":{"line":18,"column":38},"end":{"line":18,"column":39}},"loc":{"start":{"line":19,"column":10},"end":{"line":21,"column":null}}},"3":{"name":"(anonymous_3)","decl":{"start":{"line":19,"column":72},"end":{"line":19,"column":78}},"loc":{"start":{"line":19,"column":78},"end":{"line":19,"column":null}}}},"branchMap":{"0":{"loc":{"start":{"line":4,"column":39},"end":{"line":4,"column":50}},"type":"default-arg","locations":[{"start":{"line":4,"column":46},"end":{"line":4,"column":50}}]},"1":{"loc":{"start":{"line":4,"column":50},"end":{"line":4,"column":65}},"type":"default-arg","locations":[{"start":{"line":4,"column":62},"end":{"line":4,"column":65}}]},"2":{"loc":{"start":{"line":16,"column":4},"end":{"line":23,"column":null}},"type":"binary-expr","locations":[{"start":{"line":16,"column":4},"end":{"line":16,"column":null}},{"start":{"line":17,"column":6},"end":{"line":23,"column":null}}]}},"s":{"0":1,"1":1,"2":0,"3":0,"4":1,"5":0,"6":0},"f":{"0":1,"1":0,"2":0,"3":0},"b":{"0":[0],"1":[0],"2":[1,0]}}
,"/root/projects/ProjektIO/frontend/src/components/Product.jsx": {"path":"/root/projects/ProjektIO/frontend/src/components/Product.jsx","statementMap":{"0":{"start":{"line":8,"column":2},"end":{"line":49,"column":null}}},"fnMap":{"0":{"name":"Product","decl":{"start":{"line":7,"column":9},"end":{"line":7,"column":17}},"loc":{"start":{"line":7,"column":47},"end":{"line":51,"column":null}}}},"branchMap":{"0":{"loc":{"start":{"line":7,"column":28},"end":{"line":7,"column":44}},"type":"default-arg","locations":[{"start":{"line":7,"column":38},"end":{"line":7,"column":44}}]},"1":{"loc":{"start":{"line":13,"column":22},"end":{"line":13,"column":null}},"type":"cond-expr","locations":[{"start":{"line":13,"column":32},"end":{"line":13,"column":64}},{"start":{"line":13,"column":64},"end":{"line":13,"column":null}}]},"2":{"loc":{"start":{"line":25,"column":26},"end":{"line":25,"column":null}},"type":"cond-expr","locations":[{"start":{"line":25,"column":36},"end":{"line":25,"column":58}},{"start":{"line":25,"column":58},"end":{"line":25,"column":null}}]}},"s":{"0":2},"f":{"0":2},"b":{"0":[2],"1":[0,2],"2":[0,2]}}
,"/root/projects/ProjektIO/frontend/src/components/ProductCarousel.jsx": {"path":"/root/projects/ProjektIO/frontend/src/components/ProductCarousel.jsx","statementMap":{"0":{"start":{"line":9,"column":46},"end":{"line":9,"column":null}},"1":{"start":{"line":11,"column":2},"end":{"line":36,"column":null}},"2":{"start":{"line":25,"column":8},"end":{"line":34,"column":null}}},"fnMap":{"0":{"name":"ProductCarousel","decl":{"start":{"line":8,"column":9},"end":{"line":8,"column":27}},"loc":{"start":{"line":8,"column":27},"end":{"line":38,"column":null}}},"1":{"name":"(anonymous_1)","decl":{"start":{"line":24,"column":25},"end":{"line":24,"column":26}},"loc":{"start":{"line":25,"column":8},"end":{"line":34,"column":null}}}},"branchMap":{"0":{"loc":{"start":{"line":11,"column":9},"end":{"line":36,"column":null}},"type":"cond-expr","locations":[{"start":{"line":12,"column":4},"end":{"line":12,"column":null}},{"start":{"line":13,"column":6},"end":{"line":36,"column":null}}]},"1":{"loc":{"start":{"line":13,"column":6},"end":{"line":36,"column":null}},"type":"cond-expr","locations":[{"start":{"line":14,"column":4},"end":{"line":14,"column":null}},{"start":{"line":16,"column":4},"end":{"line":36,"column":null}}]},"2":{"loc":{"start":{"line":14,"column":31},"end":{"line":14,"column":61}},"type":"binary-expr","locations":[{"start":{"line":14,"column":31},"end":{"line":14,"column":53}},{"start":{"line":14,"column":53},"end":{"line":14,"column":61}}]}},"s":{"0":8,"1":8,"2":4},"f":{"0":8,"1":4},"b":{"0":[6,2],"1":[0,2],"2":[0,0]}}
,"/root/projects/ProjektIO/frontend/src/components/Rating.jsx": {"path":"/root/projects/ProjektIO/frontend/src/components/Rating.jsx","statementMap":{"0":{"start":{"line":2,"column":2},"end":{"line":50,"column":null}}},"fnMap":{"0":{"name":"Rating","decl":{"start":{"line":1,"column":9},"end":{"line":1,"column":16}},"loc":{"start":{"line":1,"column":40},"end":{"line":52,"column":null}}}},"branchMap":{"0":{"loc":{"start":{"line":8,"column":12},"end":{"line":8,"column":null}},"type":"cond-expr","locations":[{"start":{"line":8,"column":25},"end":{"line":8,"column":41}},{"start":{"line":8,"column":41},"end":{"line":8,"column":null}}]},"1":{"loc":{"start":{"line":8,"column":41},"end":{"line":8,"column":null}},"type":"cond-expr","locations":[{"start":{"line":8,"column":56},"end":{"line":8,"column":81}},{"start":{"line":8,"column":81},"end":{"line":8,"column":null}}]},"2":{"loc":{"start":{"line":17,"column":12},"end":{"line":17,"column":null}},"type":"cond-expr","locations":[{"start":{"line":17,"column":25},"end":{"line":17,"column":41}},{"start":{"line":17,"column":41},"end":{"line":17,"column":null}}]},"3":{"loc":{"start":{"line":17,"column":41},"end":{"line":17,"column":null}},"type":"cond-expr","locations":[{"start":{"line":17,"column":56},"end":{"line":17,"column":81}},{"start":{"line":17,"column":81},"end":{"line":17,"column":null}}]},"4":{"loc":{"start":{"line":26,"column":12},"end":{"line":26,"column":null}},"type":"cond-expr","locations":[{"start":{"line":26,"column":25},"end":{"line":26,"column":41}},{"start":{"line":26,"column":41},"end":{"line":26,"column":null}}]},"5":{"loc":{"start":{"line":26,"column":41},"end":{"line":26,"column":null}},"type":"cond-expr","locations":[{"start":{"line":26,"column":56},"end":{"line":26,"column":81}},{"start":{"line":26,"column":81},"end":{"line":26,"column":null}}]},"6":{"loc":{"start":{"line":35,"column":12},"end":{"line":35,"column":null}},"type":"cond-expr","locations":[{"start":{"line":35,"column":25},"end":{"line":35,"column":41}},{"start":{"line":35,"column":41},"end":{"line":35,"column":null}}]},"7":{"loc":{"start":{"line":35,"column":41},"end":{"line":35,"column":null}},"type":"cond-expr","locations":[{"start":{"line":35,"column":56},"end":{"line":35,"column":81}},{"start":{"line":35,"column":81},"end":{"line":35,"column":null}}]},"8":{"loc":{"start":{"line":44,"column":12},"end":{"line":44,"column":null}},"type":"cond-expr","locations":[{"start":{"line":44,"column":25},"end":{"line":44,"column":41}},{"start":{"line":44,"column":41},"end":{"line":44,"column":null}}]},"9":{"loc":{"start":{"line":44,"column":41},"end":{"line":44,"column":null}},"type":"cond-expr","locations":[{"start":{"line":44,"column":56},"end":{"line":44,"column":81}},{"start":{"line":44,"column":81},"end":{"line":44,"column":null}}]},"10":{"loc":{"start":{"line":49,"column":13},"end":{"line":49,"column":26}},"type":"binary-expr","locations":[{"start":{"line":49,"column":13},"end":{"line":49,"column":21}},{"start":{"line":49,"column":21},"end":{"line":49,"column":26}}]}},"s":{"0":6},"f":{"0":6},"b":{"0":[4,2],"1":[0,2],"2":[4,2],"3":[0,2],"4":[4,2],"5":[0,2],"6":[4,2],"7":[0,2],"8":[3,3],"9":[1,2],"10":[6,3]}}
,"/root/projects/ProjektIO/frontend/src/components/SearchBox.jsx": {"path":"/root/projects/ProjektIO/frontend/src/components/SearchBox.jsx","statementMap":{"0":{"start":{"line":6,"column":17},"end":{"line":6,"column":null}},"1":{"start":{"line":8,"column":32},"end":{"line":8,"column":null}},"2":{"start":{"line":10,"column":24},"end":{"line":15,"column":null}},"3":{"start":{"line":11,"column":4},"end":{"line":11,"column":null}},"4":{"start":{"line":12,"column":4},"end":{"line":14,"column":null}},"5":{"start":{"line":13,"column":6},"end":{"line":13,"column":null}},"6":{"start":{"line":16,"column":2},"end":{"line":35,"column":null}},"7":{"start":{"line":22,"column":25},"end":{"line":22,"column":null}}},"fnMap":{"0":{"name":"SearchBox","decl":{"start":{"line":5,"column":9},"end":{"line":5,"column":21}},"loc":{"start":{"line":5,"column":21},"end":{"line":37,"column":null}}},"1":{"name":"(anonymous_1)","decl":{"start":{"line":10,"column":24},"end":{"line":10,"column":25}},"loc":{"start":{"line":10,"column":31},"end":{"line":15,"column":null}}},"2":{"name":"(anonymous_2)","decl":{"start":{"line":22,"column":18},"end":{"line":22,"column":19}},"loc":{"start":{"line":22,"column":25},"end":{"line":22,"column":null}}}},"branchMap":{"0":{"loc":{"start":{"line":12,"column":4},"end":{"line":14,"column":null}},"type":"if","locations":[{"start":{"line":12,"column":4},"end":{"line":14,"column":null}},{"start":{"line":12,"column":4},"end":{"line":14,"column":null}}]}},"s":{"0":4,"1":4,"2":4,"3":1,"4":1,"5":1,"6":4,"7":1},"f":{"0":4,"1":1,"2":1},"b":{"0":[1,0]}}
,"/root/projects/ProjektIO/frontend/src/features/api.js": {"path":"/root/projects/ProjektIO/frontend/src/features/api.js","statementMap":{"0":{"start":{"line":3,"column":19},"end":{"line":16,"column":2}},"1":{"start":{"line":7,"column":20},"end":{"line":7,"column":54}},"2":{"start":{"line":8,"column":6},"end":{"line":10,"column":7}},"3":{"start":{"line":9,"column":8},"end":{"line":9,"column":56}},"4":{"start":{"line":11,"column":6},"end":{"line":11,"column":21}},"5":{"start":{"line":15,"column":20},"end":{"line":15,"column":22}}},"fnMap":{"0":{"name":"(anonymous_0)","decl":{"start":{"line":6,"column":20},"end":{"line":6,"column":21}},"loc":{"start":{"line":6,"column":47},"end":{"line":12,"column":5}}},"1":{"name":"(anonymous_1)","decl":{"start":{"line":15,"column":13},"end":{"line":15,"column":14}},"loc":{"start":{"line":15,"column":20},"end":{"line":15,"column":22}}}},"branchMap":{"0":{"loc":{"start":{"line":8,"column":6},"end":{"line":10,"column":7}},"type":"if","locations":[{"start":{"line":8,"column":6},"end":{"line":10,"column":7}},{"start":{"line":8,"column":6},"end":{"line":10,"column":7}}]},"1":{"loc":{"start":{"line":8,"column":10},"end":{"line":8,"column":48}},"type":"binary-expr","locations":[{"start":{"line":8,"column":10},"end":{"line":8,"column":15}},{"start":{"line":8,"column":19},"end":{"line":8,"column":48}}]}},"s":{"0":5,"1":7,"2":7,"3":0,"4":7,"5":5},"f":{"0":7,"1":5},"b":{"0":[0,7],"1":[7,0]}}
,"/root/projects/ProjektIO/frontend/src/features/cart.js": {"path":"/root/projects/ProjektIO/frontend/src/features/cart.js","statementMap":{"0":{"start":{"line":3,"column":28},"end":{"line":9,"column":1}},"1":{"start":{"line":4,"column":16},"end":{"line":4,"column":41}},"2":{"start":{"line":5,"column":2},"end":{"line":7,"column":3}},"3":{"start":{"line":6,"column":4},"end":{"line":6,"column":29}},"4":{"start":{"line":8,"column":2},"end":{"line":8,"column":13}},"5":{"start":{"line":11,"column":25},"end":{"line":43,"column":2}},"6":{"start":{"line":18,"column":45},"end":{"line":18,"column":59}},"7":{"start":{"line":20,"column":24},"end":{"line":20,"column":60}},"8":{"start":{"line":20,"column":48},"end":{"line":20,"column":59}},"9":{"start":{"line":21,"column":6},"end":{"line":31,"column":7}},"10":{"start":{"line":22,"column":8},"end":{"line":28,"column":11}},"11":{"start":{"line":23,"column":21},"end":{"line":23,"column":22}},"12":{"start":{"line":24,"column":10},"end":{"line":26,"column":11}},"13":{"start":{"line":25,"column":12},"end":{"line":25,"column":68}},"14":{"start":{"line":27,"column":10},"end":{"line":27,"column":22}},"15":{"start":{"line":30,"column":8},"end":{"line":30,"column":38}},"16":{"start":{"line":32,"column":6},"end":{"line":32,"column":69}},"17":{"start":{"line":35,"column":6},"end":{"line":35,"column":71}},"18":{"start":{"line":35,"column":46},"end":{"line":35,"column":69}},"19":{"start":{"line":36,"column":6},"end":{"line":36,"column":69}},"20":{"start":{"line":39,"column":6},"end":{"line":39,"column":23}},"21":{"start":{"line":40,"column":6},"end":{"line":40,"column":43}},"22":{"start":{"line":45,"column":56},"end":{"line":45,"column":73}}},"fnMap":{"0":{"name":"(anonymous_0)","decl":{"start":{"line":3,"column":28},"end":{"line":3,"column":29}},"loc":{"start":{"line":3,"column":47},"end":{"line":9,"column":1}}},"1":{"name":"(anonymous_1)","decl":{"start":{"line":17,"column":15},"end":{"line":17,"column":16}},"loc":{"start":{"line":17,"column":34},"end":{"line":33,"column":5}}},"2":{"name":"(anonymous_2)","decl":{"start":{"line":20,"column":41},"end":{"line":20,"column":42}},"loc":{"start":{"line":20,"column":48},"end":{"line":20,"column":59}}},"3":{"name":"(anonymous_3)","decl":{"start":{"line":22,"column":38},"end":{"line":22,"column":39}},"loc":{"start":{"line":22,"column":45},"end":{"line":28,"column":9}}},"4":{"name":"(anonymous_4)","decl":{"start":{"line":34,"column":20},"end":{"line":34,"column":21}},"loc":{"start":{"line":34,"column":39},"end":{"line":37,"column":5}}},"5":{"name":"(anonymous_5)","decl":{"start":{"line":35,"column":39},"end":{"line":35,"column":40}},"loc":{"start":{"line":35,"column":46},"end":{"line":35,"column":69}}},"6":{"name":"(anonymous_6)","decl":{"start":{"line":38,"column":15},"end":{"line":38,"column":16}},"loc":{"start":{"line":38,"column":26},"end":{"line":41,"column":5}}}},"branchMap":{"0":{"loc":{"start":{"line":3,"column":34},"end":{"line":3,"column":42}},"type":"default-arg","locations":[{"start":{"line":3,"column":40},"end":{"line":3,"column":42}}]},"1":{"loc":{"start":{"line":5,"column":2},"end":{"line":7,"column":3}},"type":"if","locations":[{"start":{"line":5,"column":2},"end":{"line":7,"column":3}},{"start":{"line":5,"column":2},"end":{"line":7,"column":3}}]},"2":{"loc":{"start":{"line":18,"column":23},"end":{"line":18,"column":40}},"type":"default-arg","locations":[{"start":{"line":18,"column":35},"end":{"line":18,"column":40}}]},"3":{"loc":{"start":{"line":21,"column":6},"end":{"line":31,"column":7}},"type":"if","locations":[{"start":{"line":21,"column":6},"end":{"line":31,"column":7}},{"start":{"line":29,"column":13},"end":{"line":31,"column":7}}]},"4":{"loc":{"start":{"line":24,"column":10},"end":{"line":26,"column":11}},"type":"if","locations":[{"start":{"line":24,"column":10},"end":{"line":26,"column":11}},{"start":{"line":24,"column":10},"end":{"line":26,"column":11}}]},"5":{"loc":{"start":{"line":25,"column":19},"end":{"line":25,"column":67}},"type":"cond-expr","locations":[{"start":{"line":25,"column":31},"end":{"line":25,"column":53}},{"start":{"line":25,"column":56},"end":{"line":25,"column":67}}]}},"s":{"0":5,"1":5,"2":5,"3":0,"4":5,"5":5,"6":0,"7":0,"8":0,"9":0,"10":0,"11":0,"12":0,"13":0,"14":0,"15":0,"16":0,"17":0,"18":0,"19":0,"20":0,"21":0,"22":5},"f":{"0":5,"1":0,"2":0,"3":0,"4":0,"5":0,"6":0},"b":{"0":[0],"1":[0,5],"2":[0],"3":[0,0],"4":[0,0],"5":[0,0]}}
,"/root/projects/ProjektIO/frontend/src/features/extra.js": {"path":"/root/projects/ProjektIO/frontend/src/features/extra.js","statementMap":{"0":{"start":{"line":3,"column":24},"end":{"line":77,"column":2}},"1":{"start":{"line":4,"column":25},"end":{"line":76,"column":3}},"2":{"start":{"line":6,"column":25},"end":{"line":10,"column":7}},"3":{"start":{"line":13,"column":25},"end":{"line":17,"column":7}},"4":{"start":{"line":20,"column":22},"end":{"line":23,"column":7}},"5":{"start":{"line":26,"column":24},"end":{"line":41,"column":7}},"6":{"start":{"line":44,"column":20},"end":{"line":47,"column":7}},"7":{"start":{"line":50,"column":22},"end":{"line":53,"column":7}},"8":{"start":{"line":56,"column":24},"end":{"line":63,"column":7}},"9":{"start":{"line":66,"column":24},"end":{"line":74,"column":7}},"10":{"start":{"line":88,"column":4},"end":{"line":88,"column":12}}},"fnMap":{"0":{"name":"(anonymous_0)","decl":{"start":{"line":4,"column":13},"end":{"line":4,"column":14}},"loc":{"start":{"line":4,"column":25},"end":{"line":76,"column":3}}},"1":{"name":"(anonymous_1)","decl":{"start":{"line":6,"column":13},"end":{"line":6,"column":14}},"loc":{"start":{"line":6,"column":25},"end":{"line":10,"column":7}}},"2":{"name":"(anonymous_2)","decl":{"start":{"line":13,"column":13},"end":{"line":13,"column":14}},"loc":{"start":{"line":13,"column":25},"end":{"line":17,"column":7}}},"3":{"name":"(anonymous_3)","decl":{"start":{"line":20,"column":13},"end":{"line":20,"column":14}},"loc":{"start":{"line":20,"column":22},"end":{"line":23,"column":7}}},"4":{"name":"(anonymous_4)","decl":{"start":{"line":26,"column":13},"end":{"line":26,"column":14}},"loc":{"start":{"line":26,"column":24},"end":{"line":41,"column":7}}},"5":{"name":"(anonymous_5)","decl":{"start":{"line":44,"column":13},"end":{"line":44,"column":14}},"loc":{"start":{"line":44,"column":20},"end":{"line":47,"column":7}}},"6":{"name":"(anonymous_6)","decl":{"start":{"line":50,"column":13},"end":{"line":50,"column":14}},"loc":{"start":{"line":50,"column":22},"end":{"line":53,"column":7}}},"7":{"name":"(anonymous_7)","decl":{"start":{"line":56,"column":13},"end":{"line":56,"column":14}},"loc":{"start":{"line":56,"column":24},"end":{"line":63,"column":7}}},"8":{"name":"(anonymous_8)","decl":{"start":{"line":66,"column":13},"end":{"line":66,"column":14}},"loc":{"start":{"line":66,"column":24},"end":{"line":74,"column":7}}}},"branchMap":{},"s":{"0":5,"1":5,"2":1,"3":0,"4":0,"5":0,"6":0,"7":0,"8":0,"9":0,"10":5},"f":{"0":5,"1":1,"2":0,"3":0,"4":0,"5":0,"6":0,"7":0,"8":0},"b":{}}
,"/root/projects/ProjektIO/frontend/src/features/order.js": {"path":"/root/projects/ProjektIO/frontend/src/features/order.js","statementMap":{"0":{"start":{"line":3,"column":24},"end":{"line":71,"column":2}},"1":{"start":{"line":4,"column":25},"end":{"line":70,"column":3}},"2":{"start":{"line":6,"column":26},"end":{"line":14,"column":7}},"3":{"start":{"line":15,"column":40},"end":{"line":19,"column":7}},"4":{"start":{"line":21,"column":8},"end":{"line":23,"column":21}},"5":{"start":{"line":22,"column":52},"end":{"line":22,"column":73}},"6":{"start":{"line":26,"column":20},"end":{"line":28,"column":7}},"7":{"start":{"line":30,"column":8},"end":{"line":30,"column":95}},"8":{"start":{"line":30,"column":50},"end":{"line":30,"column":71}},"9":{"start":{"line":33,"column":26},"end":{"line":33,"column":47}},"10":{"start":{"line":34,"column":33},"end":{"line":34,"column":98}},"11":{"start":{"line":37,"column":27},"end":{"line":40,"column":7}},"12":{"start":{"line":42,"column":8},"end":{"line":42,"column":73}},"13":{"start":{"line":45,"column":28},"end":{"line":49,"column":7}},"14":{"start":{"line":51,"column":8},"end":{"line":51,"column":73}},"15":{"start":{"line":54,"column":32},"end":{"line":58,"column":7}},"16":{"start":{"line":60,"column":8},"end":{"line":60,"column":73}},"17":{"start":{"line":63,"column":27},"end":{"line":66,"column":7}},"18":{"start":{"line":68,"column":8},"end":{"line":68,"column":73}},"19":{"start":{"line":81,"column":4},"end":{"line":81,"column":12}}},"fnMap":{"0":{"name":"(anonymous_0)","decl":{"start":{"line":4,"column":13},"end":{"line":4,"column":14}},"loc":{"start":{"line":4,"column":25},"end":{"line":70,"column":3}}},"1":{"name":"(anonymous_1)","decl":{"start":{"line":6,"column":13},"end":{"line":6,"column":14}},"loc":{"start":{"line":6,"column":26},"end":{"line":14,"column":7}}},"2":{"name":"(anonymous_2)","decl":{"start":{"line":15,"column":25},"end":{"line":15,"column":26}},"loc":{"start":{"line":15,"column":40},"end":{"line":19,"column":7}}},"3":{"name":"(anonymous_3)","decl":{"start":{"line":20,"column":20},"end":{"line":20,"column":21}},"loc":{"start":{"line":21,"column":8},"end":{"line":23,"column":21}}},"4":{"name":"(anonymous_4)","decl":{"start":{"line":22,"column":34},"end":{"line":22,"column":35}},"loc":{"start":{"line":22,"column":52},"end":{"line":22,"column":73}}},"5":{"name":"(anonymous_5)","decl":{"start":{"line":26,"column":13},"end":{"line":26,"column":14}},"loc":{"start":{"line":26,"column":20},"end":{"line":28,"column":7}}},"6":{"name":"(anonymous_6)","decl":{"start":{"line":29,"column":20},"end":{"line":29,"column":21}},"loc":{"start":{"line":30,"column":8},"end":{"line":30,"column":95}}},"7":{"name":"(anonymous_7)","decl":{"start":{"line":30,"column":32},"end":{"line":30,"column":33}},"loc":{"start":{"line":30,"column":50},"end":{"line":30,"column":71}}},"8":{"name":"(anonymous_8)","decl":{"start":{"line":33,"column":13},"end":{"line":33,"column":14}},"loc":{"start":{"line":33,"column":26},"end":{"line":33,"column":47}}},"9":{"name":"(anonymous_9)","decl":{"start":{"line":34,"column":20},"end":{"line":34,"column":21}},"loc":{"start":{"line":34,"column":33},"end":{"line":34,"column":98}}},"10":{"name":"(anonymous_10)","decl":{"start":{"line":37,"column":13},"end":{"line":37,"column":14}},"loc":{"start":{"line":37,"column":27},"end":{"line":40,"column":7}}},"11":{"name":"(anonymous_11)","decl":{"start":{"line":41,"column":23},"end":{"line":41,"column":24}},"loc":{"start":{"line":42,"column":8},"end":{"line":42,"column":73}}},"12":{"name":"(anonymous_12)","decl":{"start":{"line":45,"column":13},"end":{"line":45,"column":14}},"loc":{"start":{"line":45,"column":28},"end":{"line":49,"column":7}}},"13":{"name":"(anonymous_13)","decl":{"start":{"line":50,"column":23},"end":{"line":50,"column":24}},"loc":{"start":{"line":51,"column":8},"end":{"line":51,"column":73}}},"14":{"name":"(anonymous_14)","decl":{"start":{"line":54,"column":13},"end":{"line":54,"column":14}},"loc":{"start":{"line":54,"column":32},"end":{"line":58,"column":7}}},"15":{"name":"(anonymous_15)","decl":{"start":{"line":59,"column":23},"end":{"line":59,"column":24}},"loc":{"start":{"line":60,"column":8},"end":{"line":60,"column":73}}},"16":{"name":"(anonymous_16)","decl":{"start":{"line":63,"column":13},"end":{"line":63,"column":14}},"loc":{"start":{"line":63,"column":27},"end":{"line":66,"column":7}}},"17":{"name":"(anonymous_17)","decl":{"start":{"line":67,"column":23},"end":{"line":67,"column":24}},"loc":{"start":{"line":68,"column":8},"end":{"line":68,"column":73}}}},"branchMap":{"0":{"loc":{"start":{"line":10,"column":20},"end":{"line":10,"column":41}},"type":"binary-expr","locations":[{"start":{"line":10,"column":20},"end":{"line":10,"column":35}},{"start":{"line":10,"column":39},"end":{"line":10,"column":41}}]},"1":{"loc":{"start":{"line":11,"column":25},"end":{"line":11,"column":56}},"type":"cond-expr","locations":[{"start":{"line":11,"column":48},"end":{"line":11,"column":50}},{"start":{"line":11,"column":53},"end":{"line":11,"column":56}}]},"2":{"loc":{"start":{"line":11,"column":25},"end":{"line":11,"column":45}},"type":"binary-expr","locations":[{"start":{"line":11,"column":25},"end":{"line":11,"column":36}},{"start":{"line":11,"column":40},"end":{"line":11,"column":45}}]},"3":{"loc":{"start":{"line":11,"column":59},"end":{"line":11,"column":89}},"type":"binary-expr","locations":[{"start":{"line":11,"column":59},"end":{"line":11,"column":74}},{"start":{"line":11,"column":78},"end":{"line":11,"column":89}}]},"4":{"loc":{"start":{"line":12,"column":18},"end":{"line":12,"column":35}},"type":"binary-expr","locations":[{"start":{"line":12,"column":18},"end":{"line":12,"column":30}},{"start":{"line":12,"column":34},"end":{"line":12,"column":35}}]},"5":{"loc":{"start":{"line":21,"column":8},"end":{"line":23,"column":21}},"type":"cond-expr","locations":[{"start":{"line":22,"column":12},"end":{"line":22,"column":85}},{"start":{"line":23,"column":12},"end":{"line":23,"column":21}}]},"6":{"loc":{"start":{"line":30,"column":8},"end":{"line":30,"column":95}},"type":"cond-expr","locations":[{"start":{"line":30,"column":17},"end":{"line":30,"column":83}},{"start":{"line":30,"column":86},"end":{"line":30,"column":95}}]},"7":{"loc":{"start":{"line":34,"column":33},"end":{"line":34,"column":98}},"type":"cond-expr","locations":[{"start":{"line":34,"column":42},"end":{"line":34,"column":86}},{"start":{"line":34,"column":89},"end":{"line":34,"column":98}}]},"8":{"loc":{"start":{"line":42,"column":8},"end":{"line":42,"column":73}},"type":"cond-expr","locations":[{"start":{"line":42,"column":17},"end":{"line":42,"column":61}},{"start":{"line":42,"column":64},"end":{"line":42,"column":73}}]},"9":{"loc":{"start":{"line":51,"column":8},"end":{"line":51,"column":73}},"type":"cond-expr","locations":[{"start":{"line":51,"column":17},"end":{"line":51,"column":61}},{"start":{"line":51,"column":64},"end":{"line":51,"column":73}}]},"10":{"loc":{"start":{"line":60,"column":8},"end":{"line":60,"column":73}},"type":"cond-expr","locations":[{"start":{"line":60,"column":17},"end":{"line":60,"column":61}},{"start":{"line":60,"column":64},"end":{"line":60,"column":73}}]},"11":{"loc":{"start":{"line":68,"column":8},"end":{"line":68,"column":73}},"type":"cond-expr","locations":[{"start":{"line":68,"column":17},"end":{"line":68,"column":61}},{"start":{"line":68,"column":64},"end":{"line":68,"column":73}}]}},"s":{"0":5,"1":5,"2":0,"3":0,"4":0,"5":0,"6":0,"7":0,"8":0,"9":0,"10":0,"11":0,"12":0,"13":0,"14":0,"15":0,"16":0,"17":0,"18":0,"19":5},"f":{"0":5,"1":0,"2":0,"3":0,"4":0,"5":0,"6":0,"7":0,"8":0,"9":0,"10":0,"11":0,"12":0,"13":0,"14":0,"15":0,"16":0,"17":0},"b":{"0":[0,0],"1":[0,0],"2":[0,0],"3":[0,0],"4":[0,0],"5":[0,0],"6":[0,0],"7":[0,0],"8":[0,0],"9":[0,0],"10":[0,0],"11":[0,0]}}
,"/root/projects/ProjektIO/frontend/src/features/payment.js": {"path":"/root/projects/ProjektIO/frontend/src/features/payment.js","statementMap":{"0":{"start":{"line":3,"column":26},"end":{"line":16,"column":2}},"1":{"start":{"line":4,"column":25},"end":{"line":15,"column":3}},"2":{"start":{"line":6,"column":24},"end":{"line":13,"column":7}},"3":{"start":{"line":18,"column":52},"end":{"line":18,"column":62}}},"fnMap":{"0":{"name":"(anonymous_0)","decl":{"start":{"line":4,"column":13},"end":{"line":4,"column":14}},"loc":{"start":{"line":4,"column":25},"end":{"line":15,"column":3}}},"1":{"name":"(anonymous_1)","decl":{"start":{"line":6,"column":13},"end":{"line":6,"column":14}},"loc":{"start":{"line":6,"column":24},"end":{"line":13,"column":7}}}},"branchMap":{},"s":{"0":5,"1":5,"2":0,"3":5},"f":{"0":5,"1":0},"b":{}}
,"/root/projects/ProjektIO/frontend/src/features/product.js": {"path":"/root/projects/ProjektIO/frontend/src/features/product.js","statementMap":{"0":{"start":{"line":3,"column":26},"end":{"line":63,"column":2}},"1":{"start":{"line":4,"column":25},"end":{"line":62,"column":3}},"2":{"start":{"line":6,"column":26},"end":{"line":15,"column":7}},"3":{"start":{"line":16,"column":40},"end":{"line":20,"column":7}},"4":{"start":{"line":22,"column":8},"end":{"line":24,"column":23}},"5":{"start":{"line":23,"column":54},"end":{"line":23,"column":77}},"6":{"start":{"line":27,"column":29},"end":{"line":29,"column":7}},"7":{"start":{"line":32,"column":28},"end":{"line":32,"column":53}},"8":{"start":{"line":34,"column":8},"end":{"line":34,"column":79}},"9":{"start":{"line":37,"column":29},"end":{"line":40,"column":7}},"10":{"start":{"line":42,"column":8},"end":{"line":42,"column":79}},"11":{"start":{"line":45,"column":30},"end":{"line":49,"column":7}},"12":{"start":{"line":51,"column":8},"end":{"line":51,"column":79}},"13":{"start":{"line":54,"column":34},"end":{"line":58,"column":7}},"14":{"start":{"line":60,"column":8},"end":{"line":60,"column":79}},"15":{"start":{"line":72,"column":4},"end":{"line":72,"column":14}}},"fnMap":{"0":{"name":"(anonymous_0)","decl":{"start":{"line":4,"column":13},"end":{"line":4,"column":14}},"loc":{"start":{"line":4,"column":25},"end":{"line":62,"column":3}}},"1":{"name":"(anonymous_1)","decl":{"start":{"line":6,"column":13},"end":{"line":6,"column":14}},"loc":{"start":{"line":6,"column":26},"end":{"line":15,"column":7}}},"2":{"name":"(anonymous_2)","decl":{"start":{"line":16,"column":25},"end":{"line":16,"column":26}},"loc":{"start":{"line":16,"column":40},"end":{"line":20,"column":7}}},"3":{"name":"(anonymous_3)","decl":{"start":{"line":21,"column":20},"end":{"line":21,"column":21}},"loc":{"start":{"line":22,"column":8},"end":{"line":24,"column":23}}},"4":{"name":"(anonymous_4)","decl":{"start":{"line":23,"column":36},"end":{"line":23,"column":37}},"loc":{"start":{"line":23,"column":54},"end":{"line":23,"column":77}}},"5":{"name":"(anonymous_5)","decl":{"start":{"line":27,"column":13},"end":{"line":27,"column":14}},"loc":{"start":{"line":27,"column":29},"end":{"line":29,"column":7}}},"6":{"name":"(anonymous_6)","decl":{"start":{"line":32,"column":13},"end":{"line":32,"column":14}},"loc":{"start":{"line":32,"column":28},"end":{"line":32,"column":53}}},"7":{"name":"(anonymous_7)","decl":{"start":{"line":33,"column":20},"end":{"line":33,"column":21}},"loc":{"start":{"line":34,"column":8},"end":{"line":34,"column":79}}},"8":{"name":"(anonymous_8)","decl":{"start":{"line":37,"column":13},"end":{"line":37,"column":14}},"loc":{"start":{"line":37,"column":29},"end":{"line":40,"column":7}}},"9":{"name":"(anonymous_9)","decl":{"start":{"line":41,"column":23},"end":{"line":41,"column":24}},"loc":{"start":{"line":42,"column":8},"end":{"line":42,"column":79}}},"10":{"name":"(anonymous_10)","decl":{"start":{"line":45,"column":13},"end":{"line":45,"column":14}},"loc":{"start":{"line":45,"column":30},"end":{"line":49,"column":7}}},"11":{"name":"(anonymous_11)","decl":{"start":{"line":50,"column":23},"end":{"line":50,"column":24}},"loc":{"start":{"line":51,"column":8},"end":{"line":51,"column":79}}},"12":{"name":"(anonymous_12)","decl":{"start":{"line":54,"column":13},"end":{"line":54,"column":14}},"loc":{"start":{"line":54,"column":34},"end":{"line":58,"column":7}}},"13":{"name":"(anonymous_13)","decl":{"start":{"line":59,"column":23},"end":{"line":59,"column":24}},"loc":{"start":{"line":60,"column":8},"end":{"line":60,"column":79}}}},"branchMap":{"0":{"loc":{"start":{"line":10,"column":20},"end":{"line":10,"column":41}},"type":"binary-expr","locations":[{"start":{"line":10,"column":20},"end":{"line":10,"column":35}},{"start":{"line":10,"column":39},"end":{"line":10,"column":41}}]},"1":{"loc":{"start":{"line":11,"column":25},"end":{"line":11,"column":56}},"type":"cond-expr","locations":[{"start":{"line":11,"column":48},"end":{"line":11,"column":50}},{"start":{"line":11,"column":53},"end":{"line":11,"column":56}}]},"2":{"loc":{"start":{"line":11,"column":25},"end":{"line":11,"column":45}},"type":"binary-expr","locations":[{"start":{"line":11,"column":25},"end":{"line":11,"column":36}},{"start":{"line":11,"column":40},"end":{"line":11,"column":45}}]},"3":{"loc":{"start":{"line":11,"column":59},"end":{"line":11,"column":86}},"type":"binary-expr","locations":[{"start":{"line":11,"column":59},"end":{"line":11,"column":74}},{"start":{"line":11,"column":78},"end":{"line":11,"column":86}}]},"4":{"loc":{"start":{"line":12,"column":18},"end":{"line":12,"column":35}},"type":"binary-expr","locations":[{"start":{"line":12,"column":18},"end":{"line":12,"column":30}},{"start":{"line":12,"column":34},"end":{"line":12,"column":35}}]},"5":{"loc":{"start":{"line":13,"column":17},"end":{"line":13,"column":34}},"type":"binary-expr","locations":[{"start":{"line":13,"column":17},"end":{"line":13,"column":28}},{"start":{"line":13,"column":32},"end":{"line":13,"column":34}}]},"6":{"loc":{"start":{"line":22,"column":8},"end":{"line":24,"column":23}},"type":"cond-expr","locations":[{"start":{"line":23,"column":12},"end":{"line":23,"column":91}},{"start":{"line":24,"column":12},"end":{"line":24,"column":23}}]},"7":{"loc":{"start":{"line":34,"column":8},"end":{"line":34,"column":79}},"type":"cond-expr","locations":[{"start":{"line":34,"column":17},"end":{"line":34,"column":65}},{"start":{"line":34,"column":68},"end":{"line":34,"column":79}}]},"8":{"loc":{"start":{"line":42,"column":8},"end":{"line":42,"column":79}},"type":"cond-expr","locations":[{"start":{"line":42,"column":17},"end":{"line":42,"column":65}},{"start":{"line":42,"column":68},"end":{"line":42,"column":79}}]},"9":{"loc":{"start":{"line":51,"column":8},"end":{"line":51,"column":79}},"type":"cond-expr","locations":[{"start":{"line":51,"column":17},"end":{"line":51,"column":65}},{"start":{"line":51,"column":68},"end":{"line":51,"column":79}}]},"10":{"loc":{"start":{"line":60,"column":8},"end":{"line":60,"column":79}},"type":"cond-expr","locations":[{"start":{"line":60,"column":17},"end":{"line":60,"column":65}},{"start":{"line":60,"column":68},"end":{"line":60,"column":79}}]}},"s":{"0":5,"1":5,"2":6,"3":2,"4":2,"5":4,"6":0,"7":0,"8":0,"9":0,"10":0,"11":0,"12":0,"13":0,"14":0,"15":5},"f":{"0":5,"1":6,"2":2,"3":2,"4":4,"5":0,"6":0,"7":0,"8":0,"9":0,"10":0,"11":0,"12":0,"13":0},"b":{"0":[6,6],"1":[0,6],"2":[6,6],"3":[6,3],"4":[6,3],"5":[6,6],"6":[2,0],"7":[0,0],"8":[0,0],"9":[0,0],"10":[0,0]}}
,"/root/projects/ProjektIO/frontend/src/features/review.js": {"path":"/root/projects/ProjektIO/frontend/src/features/review.js","statementMap":{"0":{"start":{"line":3,"column":25},"end":{"line":57,"column":2}},"1":{"start":{"line":4,"column":25},"end":{"line":56,"column":3}},"2":{"start":{"line":6,"column":26},"end":{"line":14,"column":7}},"3":{"start":{"line":15,"column":40},"end":{"line":19,"column":7}},"4":{"start":{"line":21,"column":8},"end":{"line":23,"column":22}},"5":{"start":{"line":22,"column":53},"end":{"line":22,"column":75}},"6":{"start":{"line":26,"column":27},"end":{"line":26,"column":50}},"7":{"start":{"line":28,"column":8},"end":{"line":28,"column":76}},"8":{"start":{"line":31,"column":28},"end":{"line":34,"column":7}},"9":{"start":{"line":36,"column":8},"end":{"line":36,"column":76}},"10":{"start":{"line":39,"column":29},"end":{"line":43,"column":7}},"11":{"start":{"line":45,"column":8},"end":{"line":45,"column":76}},"12":{"start":{"line":48,"column":33},"end":{"line":52,"column":7}},"13":{"start":{"line":54,"column":8},"end":{"line":54,"column":76}},"14":{"start":{"line":65,"column":4},"end":{"line":65,"column":13}}},"fnMap":{"0":{"name":"(anonymous_0)","decl":{"start":{"line":4,"column":13},"end":{"line":4,"column":14}},"loc":{"start":{"line":4,"column":25},"end":{"line":56,"column":3}}},"1":{"name":"(anonymous_1)","decl":{"start":{"line":6,"column":13},"end":{"line":6,"column":14}},"loc":{"start":{"line":6,"column":26},"end":{"line":14,"column":7}}},"2":{"name":"(anonymous_2)","decl":{"start":{"line":15,"column":25},"end":{"line":15,"column":26}},"loc":{"start":{"line":15,"column":40},"end":{"line":19,"column":7}}},"3":{"name":"(anonymous_3)","decl":{"start":{"line":20,"column":20},"end":{"line":20,"column":21}},"loc":{"start":{"line":21,"column":8},"end":{"line":23,"column":22}}},"4":{"name":"(anonymous_4)","decl":{"start":{"line":22,"column":35},"end":{"line":22,"column":36}},"loc":{"start":{"line":22,"column":53},"end":{"line":22,"column":75}}},"5":{"name":"(anonymous_5)","decl":{"start":{"line":26,"column":13},"end":{"line":26,"column":14}},"loc":{"start":{"line":26,"column":27},"end":{"line":26,"column":50}}},"6":{"name":"(anonymous_6)","decl":{"start":{"line":27,"column":20},"end":{"line":27,"column":21}},"loc":{"start":{"line":28,"column":8},"end":{"line":28,"column":76}}},"7":{"name":"(anonymous_7)","decl":{"start":{"line":31,"column":13},"end":{"line":31,"column":14}},"loc":{"start":{"line":31,"column":28},"end":{"line":34,"column":7}}},"8":{"name":"(anonymous_8)","decl":{"start":{"line":35,"column":23},"end":{"line":35,"column":24}},"loc":{"start":{"line":36,"column":8},"end":{"line":36,"column":76}}},"9":{"name":"(anonymous_9)","decl":{"start":{"line":39,"column":13},"end":{"line":39,"column":14}},"loc":{"start":{"line":39,"column":29},"end":{"line":43,"column":7}}},"10":{"name":"(anonymous_10)","decl":{"start":{"line":44,"column":23},"end":{"line":44,"column":24}},"loc":{"start":{"line":45,"column":8},"end":{"line":45,"column":76}}},"11":{"name":"(anonymous_11)","decl":{"start":{"line":48,"column":13},"end":{"line":48,"column":14}},"loc":{"start":{"line":48,"column":33},"end":{"line":52,"column":7}}},"12":{"name":"(anonymous_12)","decl":{"start":{"line":53,"column":23},"end":{"line":53,"column":24}},"loc":{"start":{"line":54,"column":8},"end":{"line":54,"column":76}}}},"branchMap":{"0":{"loc":{"start":{"line":10,"column":20},"end":{"line":10,"column":41}},"type":"binary-expr","locations":[{"start":{"line":10,"column":20},"end":{"line":10,"column":35}},{"start":{"line":10,"column":39},"end":{"line":10,"column":41}}]},"1":{"loc":{"start":{"line":11,"column":25},"end":{"line":11,"column":56}},"type":"cond-expr","locations":[{"start":{"line":11,"column":48},"end":{"line":11,"column":50}},{"start":{"line":11,"column":53},"end":{"line":11,"column":56}}]},"2":{"loc":{"start":{"line":11,"column":25},"end":{"line":11,"column":45}},"type":"binary-expr","locations":[{"start":{"line":11,"column":25},"end":{"line":11,"column":36}},{"start":{"line":11,"column":40},"end":{"line":11,"column":45}}]},"3":{"loc":{"start":{"line":11,"column":59},"end":{"line":11,"column":89}},"type":"binary-expr","locations":[{"start":{"line":11,"column":59},"end":{"line":11,"column":74}},{"start":{"line":11,"column":78},"end":{"line":11,"column":89}}]},"4":{"loc":{"start":{"line":12,"column":18},"end":{"line":12,"column":35}},"type":"binary-expr","locations":[{"start":{"line":12,"column":18},"end":{"line":12,"column":30}},{"start":{"line":12,"column":34},"end":{"line":12,"column":35}}]},"5":{"loc":{"start":{"line":21,"column":8},"end":{"line":23,"column":22}},"type":"cond-expr","locations":[{"start":{"line":22,"column":12},"end":{"line":22,"column":88}},{"start":{"line":23,"column":12},"end":{"line":23,"column":22}}]},"6":{"loc":{"start":{"line":28,"column":8},"end":{"line":28,"column":76}},"type":"cond-expr","locations":[{"start":{"line":28,"column":17},"end":{"line":28,"column":63}},{"start":{"line":28,"column":66},"end":{"line":28,"column":76}}]},"7":{"loc":{"start":{"line":36,"column":8},"end":{"line":36,"column":76}},"type":"cond-expr","locations":[{"start":{"line":36,"column":17},"end":{"line":36,"column":63}},{"start":{"line":36,"column":66},"end":{"line":36,"column":76}}]},"8":{"loc":{"start":{"line":45,"column":8},"end":{"line":45,"column":76}},"type":"cond-expr","locations":[{"start":{"line":45,"column":17},"end":{"line":45,"column":63}},{"start":{"line":45,"column":66},"end":{"line":45,"column":76}}]},"9":{"loc":{"start":{"line":54,"column":8},"end":{"line":54,"column":76}},"type":"cond-expr","locations":[{"start":{"line":54,"column":17},"end":{"line":54,"column":63}},{"start":{"line":54,"column":66},"end":{"line":54,"column":76}}]}},"s":{"0":5,"1":5,"2":0,"3":0,"4":0,"5":0,"6":0,"7":0,"8":0,"9":0,"10":0,"11":0,"12":0,"13":0,"14":5},"f":{"0":5,"1":0,"2":0,"3":0,"4":0,"5":0,"6":0,"7":0,"8":0,"9":0,"10":0,"11":0,"12":0},"b":{"0":[0,0],"1":[0,0],"2":[0,0],"3":[0,0],"4":[0,0],"5":[0,0],"6":[0,0],"7":[0,0],"8":[0,0],"9":[0,0]}}
,"/root/projects/ProjektIO/frontend/src/features/user.js": {"path":"/root/projects/ProjektIO/frontend/src/features/user.js","statementMap":{"0":{"start":{"line":5,"column":25},"end":{"line":26,"column":2}},"1":{"start":{"line":12,"column":6},"end":{"line":18,"column":8}},"2":{"start":{"line":19,"column":6},"end":{"line":19,"column":63}},"3":{"start":{"line":22,"column":6},"end":{"line":22,"column":24}},"4":{"start":{"line":23,"column":6},"end":{"line":23,"column":38}},"5":{"start":{"line":28,"column":35},"end":{"line":28,"column":52}},"6":{"start":{"line":30,"column":23},"end":{"line":93,"column":2}},"7":{"start":{"line":31,"column":25},"end":{"line":92,"column":3}},"8":{"start":{"line":33,"column":28},"end":{"line":37,"column":7}},"9":{"start":{"line":39,"column":8},"end":{"line":44,"column":9}},"10":{"start":{"line":40,"column":27},"end":{"line":40,"column":47}},"11":{"start":{"line":41,"column":10},"end":{"line":41,"column":34}},"12":{"start":{"line":43,"column":10},"end":{"line":43,"column":31}},"13":{"start":{"line":48,"column":28},"end":{"line":52,"column":7}},"14":{"start":{"line":54,"column":8},"end":{"line":59,"column":9}},"15":{"start":{"line":55,"column":27},"end":{"line":55,"column":47}},"16":{"start":{"line":56,"column":10},"end":{"line":56,"column":34}},"17":{"start":{"line":58,"column":10},"end":{"line":58,"column":31}},"18":{"start":{"line":64,"column":25},"end":{"line":64,"column":44}},"19":{"start":{"line":65,"column":33},"end":{"line":65,"column":95}},"20":{"start":{"line":68,"column":31},"end":{"line":72,"column":7}},"21":{"start":{"line":73,"column":36},"end":{"line":73,"column":98}},"22":{"start":{"line":76,"column":26},"end":{"line":79,"column":7}},"23":{"start":{"line":80,"column":36},"end":{"line":80,"column":98}},"24":{"start":{"line":83,"column":23},"end":{"line":83,"column":45}},"25":{"start":{"line":84,"column":40},"end":{"line":88,"column":7}},"26":{"start":{"line":90,"column":8},"end":{"line":90,"column":98}},"27":{"start":{"line":90,"column":56},"end":{"line":90,"column":76}},"28":{"start":{"line":102,"column":4},"end":{"line":102,"column":11}}},"fnMap":{"0":{"name":"(anonymous_0)","decl":{"start":{"line":11,"column":13},"end":{"line":11,"column":14}},"loc":{"start":{"line":11,"column":32},"end":{"line":20,"column":5}}},"1":{"name":"(anonymous_1)","decl":{"start":{"line":21,"column":12},"end":{"line":21,"column":13}},"loc":{"start":{"line":21,"column":23},"end":{"line":24,"column":5}}},"2":{"name":"(anonymous_2)","decl":{"start":{"line":31,"column":13},"end":{"line":31,"column":14}},"loc":{"start":{"line":31,"column":25},"end":{"line":92,"column":3}}},"3":{"name":"(anonymous_3)","decl":{"start":{"line":33,"column":13},"end":{"line":33,"column":14}},"loc":{"start":{"line":33,"column":28},"end":{"line":37,"column":7}}},"4":{"name":"(anonymous_4)","decl":{"start":{"line":38,"column":6},"end":{"line":38,"column":7}},"loc":{"start":{"line":38,"column":63},"end":{"line":45,"column":7}}},"5":{"name":"(anonymous_5)","decl":{"start":{"line":48,"column":13},"end":{"line":48,"column":14}},"loc":{"start":{"line":48,"column":28},"end":{"line":52,"column":7}}},"6":{"name":"(anonymous_6)","decl":{"start":{"line":53,"column":6},"end":{"line":53,"column":7}},"loc":{"start":{"line":53,"column":63},"end":{"line":60,"column":7}}},"7":{"name":"(anonymous_7)","decl":{"start":{"line":64,"column":13},"end":{"line":64,"column":14}},"loc":{"start":{"line":64,"column":25},"end":{"line":64,"column":44}}},"8":{"name":"(anonymous_8)","decl":{"start":{"line":65,"column":20},"end":{"line":65,"column":21}},"loc":{"start":{"line":65,"column":33},"end":{"line":65,"column":95}}},"9":{"name":"(anonymous_9)","decl":{"start":{"line":68,"column":13},"end":{"line":68,"column":14}},"loc":{"start":{"line":68,"column":31},"end":{"line":72,"column":7}}},"10":{"name":"(anonymous_10)","decl":{"start":{"line":73,"column":23},"end":{"line":73,"column":24}},"loc":{"start":{"line":73,"column":36},"end":{"line":73,"column":98}}},"11":{"name":"(anonymous_11)","decl":{"start":{"line":76,"column":13},"end":{"line":76,"column":14}},"loc":{"start":{"line":76,"column":26},"end":{"line":79,"column":7}}},"12":{"name":"(anonymous_12)","decl":{"start":{"line":80,"column":23},"end":{"line":80,"column":24}},"loc":{"start":{"line":80,"column":36},"end":{"line":80,"column":98}}},"13":{"name":"(anonymous_13)","decl":{"start":{"line":83,"column":13},"end":{"line":83,"column":14}},"loc":{"start":{"line":83,"column":23},"end":{"line":83,"column":45}}},"14":{"name":"(anonymous_14)","decl":{"start":{"line":84,"column":25},"end":{"line":84,"column":26}},"loc":{"start":{"line":84,"column":40},"end":{"line":88,"column":7}}},"15":{"name":"(anonymous_15)","decl":{"start":{"line":89,"column":20},"end":{"line":89,"column":21}},"loc":{"start":{"line":90,"column":8},"end":{"line":90,"column":98}}},"16":{"name":"(anonymous_16)","decl":{"start":{"line":90,"column":38},"end":{"line":90,"column":39}},"loc":{"start":{"line":90,"column":56},"end":{"line":90,"column":76}}}},"branchMap":{"0":{"loc":{"start":{"line":8,"column":10},"end":{"line":8,"column":88}},"type":"cond-expr","locations":[{"start":{"line":8,"column":41},"end":{"line":8,"column":81}},{"start":{"line":8,"column":84},"end":{"line":8,"column":88}}]},"1":{"loc":{"start":{"line":65,"column":33},"end":{"line":65,"column":95}},"type":"cond-expr","locations":[{"start":{"line":65,"column":42},"end":{"line":65,"column":84}},{"start":{"line":65,"column":87},"end":{"line":65,"column":95}}]},"2":{"loc":{"start":{"line":73,"column":36},"end":{"line":73,"column":98}},"type":"cond-expr","locations":[{"start":{"line":73,"column":45},"end":{"line":73,"column":87}},{"start":{"line":73,"column":90},"end":{"line":73,"column":98}}]},"3":{"loc":{"start":{"line":80,"column":36},"end":{"line":80,"column":98}},"type":"cond-expr","locations":[{"start":{"line":80,"column":45},"end":{"line":80,"column":87}},{"start":{"line":80,"column":90},"end":{"line":80,"column":98}}]},"4":{"loc":{"start":{"line":90,"column":8},"end":{"line":90,"column":98}},"type":"cond-expr","locations":[{"start":{"line":90,"column":17},"end":{"line":90,"column":87}},{"start":{"line":90,"column":90},"end":{"line":90,"column":98}}]}},"s":{"0":5,"1":0,"2":0,"3":0,"4":0,"5":5,"6":5,"7":5,"8":0,"9":0,"10":0,"11":0,"12":0,"13":0,"14":0,"15":0,"16":0,"17":0,"18":0,"19":0,"20":0,"21":0,"22":0,"23":0,"24":0,"25":0,"26":0,"27":0,"28":5},"f":{"0":0,"1":0,"2":5,"3":0,"4":0,"5":0,"6":0,"7":0,"8":0,"9":0,"10":0,"11":0,"12":0,"13":0,"14":0,"15":0,"16":0},"b":{"0":[0,5],"1":[0,0],"2":[0,0],"3":[0,0],"4":[0,0]}}
,"/root/projects/ProjektIO/frontend/src/mock/server.js": {"path":"/root/projects/ProjektIO/frontend/src/mock/server.js","statementMap":{"0":{"start":{"line":6,"column":17},"end":{"line":6,"column":55}},"1":{"start":{"line":8,"column":22},"end":{"line":8,"column":46}}},"fnMap":{},"branchMap":{},"s":{"0":5,"1":5},"f":{},"b":{}}
,"/root/projects/ProjektIO/frontend/src/mock/api/extra.js": {"path":"/root/projects/ProjektIO/frontend/src/mock/api/extra.js","statementMap":{"0":{"start":{"line":3,"column":17},"end":{"line":7,"column":1}},"1":{"start":{"line":5,"column":4},"end":{"line":5,"column":60}}},"fnMap":{"0":{"name":"(anonymous_0)","decl":{"start":{"line":4,"column":49},"end":{"line":4,"column":50}},"loc":{"start":{"line":4,"column":68},"end":{"line":6,"column":3}}}},"branchMap":{},"s":{"0":5,"1":1},"f":{"0":1},"b":{}}
,"/root/projects/ProjektIO/frontend/src/mock/api/product.js": {"path":"/root/projects/ProjektIO/frontend/src/mock/api/product.js","statementMap":{"0":{"start":{"line":3,"column":17},"end":{"line":30,"column":1}},"1":{"start":{"line":5,"column":4},"end":{"line":28,"column":6}}},"fnMap":{"0":{"name":"(anonymous_0)","decl":{"start":{"line":4,"column":29},"end":{"line":4,"column":30}},"loc":{"start":{"line":4,"column":48},"end":{"line":29,"column":3}}}},"branchMap":{},"s":{"0":5,"1":6},"f":{"0":6},"b":{}}
,"/root/projects/ProjektIO/frontend/src/routes/CartPage.jsx": {"path":"/root/projects/ProjektIO/frontend/src/routes/CartPage.jsx","statementMap":{"0":{"start":{"line":16,"column":19},"end":{"line":16,"column":null}},"1":{"start":{"line":17,"column":25},"end":{"line":17,"column":null}},"2":{"start":{"line":18,"column":19},"end":{"line":18,"column":null}},"3":{"start":{"line":20,"column":15},"end":{"line":20,"column":null}},"4":{"start":{"line":21,"column":18},"end":{"line":21,"column":null}},"5":{"start":{"line":22,"column":18},"end":{"line":22,"column":null}},"6":{"start":{"line":33,"column":6},"end":{"line":33,"column":null}},"7":{"start":{"line":35,"column":15},"end":{"line":35,"column":null}},"8":{"start":{"line":35,"column":38},"end":{"line":35,"column":53}},"9":{"start":{"line":36,"column":18},"end":{"line":36,"column":null}},"10":{"start":{"line":36,"column":43},"end":{"line":36,"column":50}},"11":{"start":{"line":37,"column":69},"end":{"line":40,"column":null}},"12":{"start":{"line":42,"column":2},"end":{"line":50,"column":null}},"13":{"start":{"line":43,"column":4},"end":{"line":46,"column":null}},"14":{"start":{"line":44,"column":6},"end":{"line":44,"column":null}},"15":{"start":{"line":45,"column":6},"end":{"line":45,"column":null}},"16":{"start":{"line":47,"column":4},"end":{"line":49,"column":null}},"17":{"start":{"line":48,"column":6},"end":{"line":48,"column":null}},"18":{"start":{"line":52,"column":32},"end":{"line":54,"column":null}},"19":{"start":{"line":53,"column":4},"end":{"line":53,"column":null}},"20":{"start":{"line":56,"column":26},"end":{"line":61,"column":null}},"21":{"start":{"line":57,"column":4},"end":{"line":60,"column":null}},"22":{"start":{"line":63,"column":2},"end":{"line":158,"column":null}},"23":{"start":{"line":78,"column":14},"end":{"line":115,"column":null}},"24":{"start":{"line":92,"column":55},"end":{"line":92,"column":78}},"25":{"start":{"line":94,"column":24},"end":{"line":94,"column":null}},"26":{"start":{"line":98,"column":24},"end":{"line":100,"column":null}},"27":{"start":{"line":109,"column":37},"end":{"line":109,"column":null}},"28":{"start":{"line":126,"column":62},"end":{"line":126,"column":78}},"29":{"start":{"line":130,"column":36},"end":{"line":130,"column":null}},"30":{"start":{"line":130,"column":68},"end":{"line":130,"column":91}},"31":{"start":{"line":131,"column":20},"end":{"line":135,"column":null}},"32":{"start":{"line":132,"column":22},"end":{"line":132,"column":null}},"33":{"start":{"line":134,"column":22},"end":{"line":134,"column":null}}},"fnMap":{"0":{"name":"CartPage","decl":{"start":{"line":15,"column":24},"end":{"line":15,"column":35}},"loc":{"start":{"line":15,"column":35},"end":{"line":160,"column":null}}},"1":{"name":"(anonymous_1)","decl":{"start":{"line":35,"column":27},"end":{"line":35,"column":28}},"loc":{"start":{"line":35,"column":38},"end":{"line":35,"column":53}}},"2":{"name":"(anonymous_2)","decl":{"start":{"line":36,"column":33},"end":{"line":36,"column":34}},"loc":{"start":{"line":36,"column":43},"end":{"line":36,"column":50}}},"3":{"name":"(anonymous_3)","decl":{"start":{"line":42,"column":12},"end":{"line":42,"column":18}},"loc":{"start":{"line":42,"column":18},"end":{"line":50,"column":5}}},"4":{"name":"(anonymous_4)","decl":{"start":{"line":52,"column":32},"end":{"line":52,"column":33}},"loc":{"start":{"line":52,"column":40},"end":{"line":54,"column":null}}},"5":{"name":"(anonymous_5)","decl":{"start":{"line":56,"column":26},"end":{"line":56,"column":32}},"loc":{"start":{"line":56,"column":32},"end":{"line":61,"column":null}}},"6":{"name":"(anonymous_6)","decl":{"start":{"line":77,"column":31},"end":{"line":77,"column":32}},"loc":{"start":{"line":78,"column":14},"end":{"line":115,"column":null}}},"7":{"name":"(anonymous_7)","decl":{"start":{"line":92,"column":45},"end":{"line":92,"column":46}},"loc":{"start":{"line":92,"column":55},"end":{"line":92,"column":78}}},"8":{"name":"(anonymous_8)","decl":{"start":{"line":93,"column":32},"end":{"line":93,"column":33}},"loc":{"start":{"line":94,"column":24},"end":{"line":94,"column":null}}},"9":{"name":"(anonymous_9)","decl":{"start":{"line":97,"column":67},"end":{"line":97,"column":68}},"loc":{"start":{"line":98,"column":24},"end":{"line":100,"column":null}}},"10":{"name":"(anonymous_10)","decl":{"start":{"line":109,"column":31},"end":{"line":109,"column":37}},"loc":{"start":{"line":109,"column":37},"end":{"line":109,"column":null}}},"11":{"name":"(anonymous_11)","decl":{"start":{"line":126,"column":47},"end":{"line":126,"column":48}},"loc":{"start":{"line":126,"column":62},"end":{"line":126,"column":78}}},"12":{"name":"(anonymous_12)","decl":{"start":{"line":129,"column":26},"end":{"line":129,"column":27}},"loc":{"start":{"line":129,"column":41},"end":{"line":136,"column":21}}},"13":{"name":"(anonymous_13)","decl":{"start":{"line":130,"column":55},"end":{"line":130,"column":56}},"loc":{"start":{"line":130,"column":68},"end":{"line":130,"column":91}}}},"branchMap":{"0":{"loc":{"start":{"line":20,"column":15},"end":{"line":20,"column":null}},"type":"binary-expr","locations":[{"start":{"line":20,"column":15},"end":{"line":20,"column":43}},{"start":{"line":20,"column":43},"end":{"line":20,"column":null}}]},"1":{"loc":{"start":{"line":43,"column":4},"end":{"line":46,"column":null}},"type":"if","locations":[{"start":{"line":43,"column":4},"end":{"line":46,"column":null}},{"start":{"line":43,"column":4},"end":{"line":46,"column":null}}]},"2":{"loc":{"start":{"line":47,"column":4},"end":{"line":49,"column":null}},"type":"if","locations":[{"start":{"line":47,"column":4},"end":{"line":49,"column":null}},{"start":{"line":47,"column":4},"end":{"line":49,"column":null}}]},"3":{"loc":{"start":{"line":67,"column":9},"end":{"line":118,"column":null}},"type":"cond-expr","locations":[{"start":{"line":68,"column":10},"end":{"line":70,"column":null}},{"start":{"line":71,"column":12},"end":{"line":118,"column":null}}]},"4":{"loc":{"start":{"line":71,"column":12},"end":{"line":118,"column":null}},"type":"cond-expr","locations":[{"start":{"line":72,"column":10},"end":{"line":72,"column":null}},{"start":{"line":73,"column":12},"end":{"line":118,"column":null}}]},"5":{"loc":{"start":{"line":71,"column":12},"end":{"line":71,"column":null}},"type":"binary-expr","locations":[{"start":{"line":71,"column":12},"end":{"line":71,"column":25}},{"start":{"line":71,"column":25},"end":{"line":71,"column":null}}]},"6":{"loc":{"start":{"line":73,"column":12},"end":{"line":118,"column":null}},"type":"cond-expr","locations":[{"start":{"line":74,"column":10},"end":{"line":74,"column":null}},{"start":{"line":76,"column":10},"end":{"line":118,"column":null}}]},"7":{"loc":{"start":{"line":74,"column":37},"end":{"line":74,"column":67}},"type":"binary-expr","locations":[{"start":{"line":74,"column":37},"end":{"line":74,"column":59}},{"start":{"line":74,"column":59},"end":{"line":74,"column":67}}]},"8":{"loc":{"start":{"line":127,"column":15},"end":{"line":137,"column":null}},"type":"binary-expr","locations":[{"start":{"line":127,"column":15},"end":{"line":127,"column":null}},{"start":{"line":128,"column":16},"end":{"line":137,"column":null}}]},"9":{"loc":{"start":{"line":138,"column":15},"end":{"line":138,"column":null}},"type":"binary-expr","locations":[{"start":{"line":138,"column":15},"end":{"line":138,"column":29}},{"start":{"line":138,"column":29},"end":{"line":138,"column":null}}]},"10":{"loc":{"start":{"line":143,"column":13},"end":{"line":143,"column":null}},"type":"binary-expr","locations":[{"start":{"line":143,"column":13},"end":{"line":143,"column":34}},{"start":{"line":143,"column":34},"end":{"line":143,"column":null}}]},"11":{"loc":{"start":{"line":144,"column":13},"end":{"line":145,"column":null}},"type":"binary-expr","locations":[{"start":{"line":144,"column":13},"end":{"line":144,"column":null}},{"start":{"line":145,"column":14},"end":{"line":145,"column":null}}]},"12":{"loc":{"start":{"line":145,"column":41},"end":{"line":145,"column":88}},"type":"binary-expr","locations":[{"start":{"line":145,"column":41},"end":{"line":145,"column":71}},{"start":{"line":145,"column":71},"end":{"line":145,"column":88}}]}},"s":{"0":0,"1":0,"2":0,"3":0,"4":0,"5":0,"6":0,"7":0,"8":0,"9":0,"10":0,"11":0,"12":0,"13":0,"14":0,"15":0,"16":0,"17":0,"18":0,"19":0,"20":0,"21":0,"22":0,"23":0,"24":0,"25":0,"26":0,"27":0,"28":0,"29":0,"30":0,"31":0,"32":0,"33":0},"f":{"0":0,"1":0,"2":0,"3":0,"4":0,"5":0,"6":0,"7":0,"8":0,"9":0,"10":0,"11":0,"12":0,"13":0},"b":{"0":[0,0],"1":[0,0],"2":[0,0],"3":[0,0],"4":[0,0],"5":[0,0],"6":[0,0],"7":[0,0],"8":[0,0],"9":[0,0],"10":[0,0],"11":[0,0],"12":[0,0]}}
,"/root/projects/ProjektIO/frontend/src/routes/ErrorPage.jsx": {"path":"/root/projects/ProjektIO/frontend/src/routes/ErrorPage.jsx","statementMap":{"0":{"start":{"line":4,"column":16},"end":{"line":4,"column":null}},"1":{"start":{"line":6,"column":21},"end":{"line":6,"column":null}},"2":{"start":{"line":7,"column":2},"end":{"line":14,"column":null}},"3":{"start":{"line":9,"column":4},"end":{"line":9,"column":null}},"4":{"start":{"line":10,"column":2},"end":{"line":14,"column":null}},"5":{"start":{"line":11,"column":4},"end":{"line":11,"column":null}},"6":{"start":{"line":12,"column":2},"end":{"line":14,"column":null}},"7":{"start":{"line":13,"column":4},"end":{"line":13,"column":null}},"8":{"start":{"line":16,"column":2},"end":{"line":16,"column":null}},"9":{"start":{"line":17,"column":2},"end":{"line":24,"column":null}}},"fnMap":{"0":{"name":"ErrorPage","decl":{"start":{"line":3,"column":24},"end":{"line":3,"column":36}},"loc":{"start":{"line":3,"column":36},"end":{"line":26,"column":null}}}},"branchMap":{"0":{"loc":{"start":{"line":7,"column":2},"end":{"line":14,"column":null}},"type":"if","locations":[{"start":{"line":7,"column":2},"end":{"line":14,"column":null}},{"start":{"line":10,"column":2},"end":{"line":14,"column":null}}]},"1":{"loc":{"start":{"line":9,"column":19},"end":{"line":9,"column":null}},"type":"binary-expr","locations":[{"start":{"line":9,"column":19},"end":{"line":9,"column":43}},{"start":{"line":9,"column":43},"end":{"line":9,"column":null}}]},"2":{"loc":{"start":{"line":10,"column":2},"end":{"line":14,"column":null}},"type":"if","locations":[{"start":{"line":10,"column":2},"end":{"line":14,"column":null}},{"start":{"line":12,"column":2},"end":{"line":14,"column":null}}]},"3":{"loc":{"start":{"line":12,"column":2},"end":{"line":14,"column":null}},"type":"if","locations":[{"start":{"line":12,"column":2},"end":{"line":14,"column":null}},{"start":{"line":12,"column":2},"end":{"line":14,"column":null}}]}},"s":{"0":0,"1":0,"2":0,"3":0,"4":0,"5":0,"6":0,"7":0,"8":0,"9":0},"f":{"0":0},"b":{"0":[0,0],"1":[0,0],"2":[0,0],"3":[0,0]}}
[...]
:6},"end":{"line":85,"column":null}},"38":{"start":{"line":84,"column":8},"end":{"line":84,"column":null}},"39":{"start":{"line":88,"column":4},"end":{"line":88,"column":null}},"40":{"start":{"line":91,"column":2},"end":{"line":273,"column":null}},"41":{"start":{"line":161,"column":45},"end":{"line":161,"column":null}},"42":{"start":{"line":164,"column":30},"end":{"line":166,"column":null}},"43":{"start":{"line":207,"column":18},"end":{"line":212,"column":null}},"44":{"start":{"line":233,"column":43},"end":{"line":233,"column":null}},"45":{"start":{"line":250,"column":43},"end":{"line":250,"column":null}}},"fnMap":{"0":{"name":"ProductPage","decl":{"start":{"line":16,"column":24},"end":{"line":16,"column":38}},"loc":{"start":{"line":16,"column":38},"end":{"line":275,"column":null}}},"1":{"name":"(anonymous_1)","decl":{"start":{"line":32,"column":31},"end":{"line":32,"column":32}},"loc":{"start":{"line":32,"column":42},"end":{"line":32,"column":57}}},"2":{"name":"(anonymous_2)","decl":{"start":{"line":49,"column":12},"end":{"line":49,"column":18}},"loc":{"start":{"line":49,"column":18},"end":{"line":59,"column":5}}},"3":{"name":"(anonymous_3)","decl":{"start":{"line":61,"column":27},"end":{"line":61,"column":33}},"loc":{"start":{"line":61,"column":33},"end":{"line":64,"column":null}}},"4":{"name":"(anonymous_4)","decl":{"start":{"line":66,"column":24},"end":{"line":66,"column":36}},"loc":{"start":{"line":66,"column":36},"end":{"line":71,"column":null}}},"5":{"name":"(anonymous_5)","decl":{"start":{"line":73,"column":24},"end":{"line":73,"column":25}},"loc":{"start":{"line":73,"column":31},"end":{"line":76,"column":null}}},"6":{"name":"(anonymous_6)","decl":{"start":{"line":78,"column":12},"end":{"line":78,"column":18}},"loc":{"start":{"line":78,"column":18},"end":{"line":89,"column":5}}},"7":{"name":"(anonymous_7)","decl":{"start":{"line":83,"column":17},"end":{"line":83,"column":23}},"loc":{"start":{"line":83,"column":23},"end":{"line":85,"column":9}}},"8":{"name":"(anonymous_8)","decl":{"start":{"line":161,"column":38},"end":{"line":161,"column":39}},"loc":{"start":{"line":161,"column":45},"end":{"line":161,"column":null}}},"9":{"name":"(anonymous_9)","decl":{"start":{"line":163,"column":73},"end":{"line":163,"column":74}},"loc":{"start":{"line":164,"column":30},"end":{"line":166,"column":null}}},"10":{"name":"(anonymous_10)","decl":{"start":{"line":206,"column":37},"end":{"line":206,"column":38}},"loc":{"start":{"line":207,"column":18},"end":{"line":212,"column":null}}},"11":{"name":"(anonymous_11)","decl":{"start":{"line":233,"column":36},"end":{"line":233,"column":37}},"loc":{"start":{"line":233,"column":43},"end":{"line":233,"column":null}}},"12":{"name":"(anonymous_12)","decl":{"start":{"line":250,"column":36},"end":{"line":250,"column":37}},"loc":{"start":{"line":250,"column":43},"end":{"line":250,"column":null}}}},"branchMap":{"0":{"loc":{"start":{"line":50,"column":4},"end":{"line":52,"column":null}},"type":"if","locations":[{"start":{"line":50,"column":4},"end":{"line":52,"column":null}},{"start":{"line":50,"column":4},"end":{"line":52,"column":null}}]},"1":{"loc":{"start":{"line":53,"column":4},"end":{"line":55,"column":null}},"type":"if","locations":[{"start":{"line":53,"column":4},"end":{"line":55,"column":null}},{"start":{"line":53,"column":4},"end":{"line":55,"column":null}}]},"2":{"loc":{"start":{"line":56,"column":4},"end":{"line":58,"column":null}},"type":"if","locations":[{"start":{"line":56,"column":4},"end":{"line":58,"column":null}},{"start":{"line":56,"column":4},"end":{"line":58,"column":null}}]},"3":{"loc":{"start":{"line":79,"column":4},"end":{"line":86,"column":null}},"type":"if","locations":[{"start":{"line":79,"column":4},"end":{"line":86,"column":null}},{"start":{"line":79,"column":4},"end":{"line":86,"column":null}}]},"4":{"loc":{"start":{"line":96,"column":7},"end":{"line":271,"column":null}},"type":"cond-expr","locations":[{"start":{"line":97,"column":8},"end":{"line":97,"column":null}},{"start":{"line":98,"column":10},"end":{"line":271,"column":null}}]},"5":{"loc":{"start":{"line":98,"column":10},"end":{"line":271,"column":null}},"type":"cond-expr","locations":[{"start":{"line":99,"column":8},"end":{"line":99,"column":null}},{"start":{"line":101,"column":8},"end":{"line":271,"column":null}}]},"6":{"loc":{"start":{"line":99,"column":35},"end":{"line":99,"column":65}},"type":"binary-expr","locations":[{"start":{"line":99,"column":35},"end":{"line":99,"column":57}},{"start":{"line":99,"column":57},"end":{"line":99,"column":65}}]},"7":{"loc":{"start":{"line":149,"column":28},"end":{"line":149,"column":83}},"type":"cond-expr","locations":[{"start":{"line":149,"column":55},"end":{"line":149,"column":68}},{"start":{"line":149,"column":68},"end":{"line":149,"column":83}}]},"8":{"loc":{"start":{"line":153,"column":19},"end":{"line":171,"column":null}},"type":"binary-expr","locations":[{"start":{"line":153,"column":19},"end":{"line":153,"column":null}},{"start":{"line":154,"column":20},"end":{"line":171,"column":null}}]},"9":{"loc":{"start":{"line":203,"column":15},"end":{"line":203,"column":null}},"type":"binary-expr","locations":[{"start":{"line":203,"column":15},"end":{"line":203,"column":47}},{"start":{"line":203,"column":47},"end":{"line":203,"column":null}}]},"10":{"loc":{"start":{"line":218,"column":19},"end":{"line":218,"column":null}},"type":"binary-expr","locations":[{"start":{"line":218,"column":19},"end":{"line":218,"column":29}},{"start":{"line":218,"column":29},"end":{"line":218,"column":48}},{"start":{"line":218,"column":48},"end":{"line":218,"column":null}}]},"11":{"loc":{"start":{"line":219,"column":19},"end":{"line":220,"column":null}},"type":"binary-expr","locations":[{"start":{"line":219,"column":19},"end":{"line":219,"column":29}},{"start":{"line":219,"column":29},"end":{"line":219,"column":null}},{"start":{"line":220,"column":20},"end":{"line":220,"column":null}}]},"12":{"loc":{"start":{"line":222,"column":19},"end":{"line":223,"column":null}},"type":"binary-expr","locations":[{"start":{"line":222,"column":19},"end":{"line":222,"column":29}},{"start":{"line":222,"column":29},"end":{"line":222,"column":null}},{"start":{"line":223,"column":20},"end":{"line":223,"column":null}}]},"13":{"loc":{"start":{"line":223,"column":47},"end":{"line":223,"column":83}},"type":"binary-expr","locations":[{"start":{"line":223,"column":47},"end":{"line":223,"column":75}},{"start":{"line":223,"column":75},"end":{"line":223,"column":83}}]},"14":{"loc":{"start":{"line":226,"column":19},"end":{"line":257,"column":null}},"type":"binary-expr","locations":[{"start":{"line":226,"column":19},"end":{"line":226,"column":27}},{"start":{"line":226,"column":27},"end":{"line":226,"column":null}},{"start":{"line":227,"column":20},"end":{"line":257,"column":null}}]},"15":{"loc":{"start":{"line":259,"column":19},"end":{"line":260,"column":null}},"type":"binary-expr","locations":[{"start":{"line":259,"column":19},"end":{"line":259,"column":27}},{"start":{"line":259,"column":27},"end":{"line":259,"column":null}},{"start":{"line":260,"column":20},"end":{"line":260,"column":null}}]},"16":{"loc":{"start":{"line":262,"column":19},"end":{"line":265,"column":null}},"type":"binary-expr","locations":[{"start":{"line":262,"column":19},"end":{"line":262,"column":null}},{"start":{"line":263,"column":20},"end":{"line":265,"column":null}}]}},"s":{"0":0,"1":0,"2":0,"3":0,"4":0,"5":0,"6":0,"7":0,"8":0,"9":0,"10":0,"11":0,"12":0,"13":0,"14":0,"15":0,"16":0,"17":0,"18":0,"19":0,"20":0,"21":0,"22":0,"23":0,"24":0,"25":0,"26":0,"27":0,"28":0,"29":0,"30":0,"31":0,"32":0,"33":0,"34":0,"35":0,"36":0,"37":0,"38":0,"39":0,"40":0,"41":0,"42":0,"43":0,"44":0,"45":0},"f":{"0":0,"1":0,"2":0,"3":0,"4":0,"5":0,"6":0,"7":0,"8":0,"9":0,"10":0,"11":0,"12":0},"b":{"0":[0,0],"1":[0,0],"2":[0,0],"3":[0,0],"4":[0,0],"5":[0,0],"6":[0,0],"7":[0,0],"8":[0,0],"9":[0,0],"10":[0,0,0],"11":[0,0,0],"12":[0,0,0],"13":[0,0],"14":[0,0,0],"15":[0,0,0],"16":[0,0]}}
,"/root/projects/ProjektIO/frontend/src/routes/ProfilePage.jsx": {"path":"/root/projects/ProjektIO/frontend/src/routes/ProfilePage.jsx","statementMap":{"0":{"start":{"line":11,"column":19},"end":{"line":11,"column":null}},"1":{"start":{"line":13,"column":28},"end":{"line":13,"column":null}},"2":{"start":{"line":14,"column":34},"end":{"line":14,"column":null}},"3":{"start":{"line":15,"column":48},"end":{"line":15,"column":null}},"4":{"start":{"line":16,"column":32},"end":{"line":16,"column":null}},"5":{"start":{"line":18,"column":19},"end":{"line":18,"column":null}},"6":{"start":{"line":18,"column":42},"end":{"line":18,"column":57}},"7":{"start":{"line":21,"column":4},"end":{"line":21,"column":null}},"8":{"start":{"line":28,"column":6},"end":{"line":28,"column":null}},"9":{"start":{"line":30,"column":2},"end":{"line":37,"column":null}},"10":{"start":{"line":31,"column":4},"end":{"line":36,"column":null}},"11":{"start":{"line":32,"column":6},"end":{"line":32,"column":null}},"12":{"start":{"line":34,"column":6},"end":{"line":34,"column":null}},"13":{"start":{"line":35,"column":6},"end":{"line":35,"column":null}},"14":{"start":{"line":39,"column":24},"end":{"line":53,"column":null}},"15":{"start":{"line":40,"column":4},"end":{"line":40,"column":null}},"16":{"start":{"line":42,"column":4},"end":{"line":52,"column":null}},"17":{"start":{"line":43,"column":6},"end":{"line":43,"column":null}},"18":{"start":{"line":45,"column":6},"end":{"line":45,"column":null}},"19":{"start":{"line":46,"column":6},"end":{"line":50,"column":null}},"20":{"start":{"line":51,"column":6},"end":{"line":51,"column":null}},"21":{"start":{"line":54,"column":2},"end":{"line":158,"column":null}},"22":{"start":{"line":83,"column":31},"end":{"line":83,"column":null}},"23":{"start":{"line":94,"column":31},"end":{"line":94,"column":null}},"24":{"start":{"line":105,"column":31},"end":{"line":105,"column":null}},"25":{"start":{"line":136,"column":16},"end":{"line":152,"column":null}}},"fnMap":{"0":{"name":"ProfilePage","decl":{"start":{"line":10,"column":24},"end":{"line":10,"column":38}},"loc":{"start":{"line":10,"column":38},"end":{"line":160,"column":null}}},"1":{"name":"(anonymous_1)","decl":{"start":{"line":18,"column":31},"end":{"line":18,"column":32}},"loc":{"start":{"line":18,"column":42},"end":{"line":18,"column":57}}},"2":{"name":"(anonymous_2)","decl":{"start":{"line":30,"column":12},"end":{"line":30,"column":18}},"loc":{"start":{"line":30,"column":18},"end":{"line":37,"column":5}}},"3":{"name":"(anonymous_3)","decl":{"start":{"line":39,"column":24},"end":{"line":39,"column":25}},"loc":{"start":{"line":39,"column":31},"end":{"line":53,"column":null}}},"4":{"name":"(anonymous_4)","decl":{"start":{"line":83,"column":24},"end":{"line":83,"column":25}},"loc":{"start":{"line":83,"column":31},"end":{"line":83,"column":null}}},"5":{"name":"(anonymous_5)","decl":{"start":{"line":94,"column":24},"end":{"line":94,"column":25}},"loc":{"start":{"line":94,"column":31},"end":{"line":94,"column":null}}},"6":{"name":"(anonymous_6)","decl":{"start":{"line":105,"column":24},"end":{"line":105,"column":25}},"loc":{"start":{"line":105,"column":31},"end":{"line":105,"column":null}}},"7":{"name":"(anonymous_7)","decl":{"start":{"line":135,"column":26},"end":{"line":135,"column":27}},"loc":{"start":{"line":136,"column":16},"end":{"line":152,"column":null}}}},"branchMap":{"0":{"loc":{"start":{"line":31,"column":4},"end":{"line":36,"column":null}},"type":"if","locations":[{"start":{"line":31,"column":4},"end":{"line":36,"column":null}},{"start":{"line":33,"column":11},"end":{"line":36,"column":null}}]},"1":{"loc":{"start":{"line":42,"column":4},"end":{"line":52,"column":null}},"type":"if","locations":[{"start":{"line":42,"column":4},"end":{"line":52,"column":null}},{"start":{"line":44,"column":11},"end":{"line":52,"column":null}}]},"2":{"loc":{"start":{"line":59,"column":9},"end":{"line":59,"column":null}},"type":"binary-expr","locations":[{"start":{"line":59,"column":9},"end":{"line":59,"column":20}},{"start":{"line":59,"column":20},"end":{"line":59,"column":null}}]},"3":{"loc":{"start":{"line":60,"column":9},"end":{"line":60,"column":null}},"type":"binary-expr","locations":[{"start":{"line":60,"column":9},"end":{"line":60,"column":24}},{"start":{"line":60,"column":24},"end":{"line":60,"column":null}}]},"4":{"loc":{"start":{"line":60,"column":51},"end":{"line":60,"column":85}},"type":"binary-expr","locations":[{"start":{"line":60,"column":51},"end":{"line":60,"column":77}},{"start":{"line":60,"column":77},"end":{"line":60,"column":85}}]},"5":{"loc":{"start":{"line":61,"column":9},"end":{"line":61,"column":null}},"type":"binary-expr","locations":[{"start":{"line":61,"column":9},"end":{"line":61,"column":26}},{"start":{"line":61,"column":26},"end":{"line":61,"column":null}}]},"6":{"loc":{"start":{"line":117,"column":9},"end":{"line":155,"column":null}},"type":"cond-expr","locations":[{"start":{"line":118,"column":10},"end":{"line":118,"column":null}},{"start":{"line":119,"column":12},"end":{"line":155,"column":null}}]},"7":{"loc":{"start":{"line":119,"column":12},"end":{"line":155,"column":null}},"type":"cond-expr","locations":[{"start":{"line":120,"column":10},"end":{"line":120,"column":null}},{"start":{"line":122,"column":10},"end":{"line":155,"column":null}}]},"8":{"loc":{"start":{"line":120,"column":37},"end":{"line":120,"column":73}},"type":"binary-expr","locations":[{"start":{"line":120,"column":37},"end":{"line":120,"column":65}},{"start":{"line":120,"column":65},"end":{"line":120,"column":73}}]},"9":{"loc":{"start":{"line":141,"column":21},"end":{"line":144,"column":null}},"type":"cond-expr","locations":[{"start":{"line":142,"column":22},"end":{"line":142,"column":null}},{"start":{"line":144,"column":22},"end":{"line":144,"column":null}}]}},"s":{"0":0,"1":0,"2":0,"3":0,"4":0,"5":0,"6":0,"7":0,"8":0,"9":0,"10":0,"11":0,"12":0,"13":0,"14":0,"15":0,"16":0,"17":0,"18":0,"19":0,"20":0,"21":0,"22":0,"23":0,"24":0,"25":0},"f":{"0":0,"1":0,"2":0,"3":0,"4":0,"5":0,"6":0,"7":0},"b":{"0":[0,0],"1":[0,0],"2":[0,0],"3":[0,0],"4":[0,0],"5":[0,0],"6":[0,0],"7":[0,0],"8":[0,0],"9":[0,0]}}
,"/root/projects/ProjektIO/frontend/src/routes/RegisterPage.jsx": {"path":"/root/projects/ProjektIO/frontend/src/routes/RegisterPage.jsx","statementMap":{"0":{"start":{"line":9,"column":19},"end":{"line":9,"column":null}},"1":{"start":{"line":10,"column":25},"end":{"line":10,"column":null}},"2":{"start":{"line":12,"column":36},"end":{"line":12,"column":null}},"3":{"start":{"line":13,"column":34},"end":{"line":13,"column":null}},"4":{"start":{"line":14,"column":28},"end":{"line":14,"column":null}},"5":{"start":{"line":15,"column":34},"end":{"line":15,"column":null}},"6":{"start":{"line":16,"column":48},"end":{"line":16,"column":null}},"7":{"start":{"line":17,"column":32},"end":{"line":17,"column":null}},"8":{"start":{"line":19,"column":19},"end":{"line":19,"column":null}},"9":{"start":{"line":21,"column":64},"end":{"line":21,"column":null}},"10":{"start":{"line":23,"column":2},"end":{"line":27,"column":null}},"11":{"start":{"line":24,"column":4},"end":{"line":26,"column":null}},"12":{"start":{"line":25,"column":6},"end":{"line":25,"column":null}},"13":{"start":{"line":29,"column":24},"end":{"line":37,"column":null}},"14":{"start":{"line":30,"column":4},"end":{"line":30,"column":null}},"15":{"start":{"line":32,"column":4},"end":{"line":36,"column":null}},"16":{"start":{"line":33,"column":6},"end":{"line":33,"column":null}},"17":{"start":{"line":35,"column":6},"end":{"line":35,"column":null}},"18":{"start":{"line":39,"column":2},"end":{"line":117,"column":null}},"19":{"start":{"line":54,"column":29},"end":{"line":54,"column":null}},"20":{"start":{"line":66,"column":29},"end":{"line":66,"column":null}},"21":{"start":{"line":78,"column":29},"end":{"line":78,"column":null}},"22":{"start":{"line":90,"column":29},"end":{"line":90,"column":null}},"23":{"start":{"line":102,"column":29},"end":{"line":102,"column":null}}},"fnMap":{"0":{"name":"RegisterPage","decl":{"start":{"line":8,"column":24},"end":{"line":8,"column":39}},"loc":{"start":{"line":8,"column":39},"end":{"line":119,"column":null}}},"1":{"name":"(anonymous_1)","decl":{"start":{"line":23,"column":12},"end":{"line":23,"column":18}},"loc":{"start":{"line":23,"column":18},"end":{"line":27,"column":5}}},"2":{"name":"(anonymous_2)","decl":{"start":{"line":29,"column":24},"end":{"line":29,"column":25}},"loc":{"start":{"line":29,"column":31},"end":{"line":37,"column":null}}},"3":{"name":"(anonymous_3)","decl":{"start":{"line":54,"column":22},"end":{"line":54,"column":23}},"loc":{"start":{"line":54,"column":29},"end":{"line":54,"column":null}}},"4":{"name":"(anonymous_4)","decl":{"start":{"line":66,"column":22},"end":{"line":66,"column":23}},"loc":{"start":{"line":66,"column":29},"end":{"line":66,"column":null}}},"5":{"name":"(anonymous_5)","decl":{"start":{"line":78,"column":22},"end":{"line":78,"column":23}},"loc":{"start":{"line":78,"column":29},"end":{"line":78,"column":null}}},"6":{"name":"(anonymous_6)","decl":{"start":{"line":90,"column":22},"end":{"line":90,"column":23}},"loc":{"start":{"line":90,"column":29},"end":{"line":90,"column":null}}},"7":{"name":"(anonymous_7)","decl":{"start":{"line":102,"column":22},"end":{"line":102,"column":23}},"loc":{"start":{"line":102,"column":29},"end":{"line":102,"column":null}}}},"branchMap":{"0":{"loc":{"start":{"line":19,"column":19},"end":{"line":19,"column":null}},"type":"binary-expr","locations":[{"start":{"line":19,"column":19},"end":{"line":19,"column":51}},{"start":{"line":19,"column":51},"end":{"line":19,"column":null}}]},"1":{"loc":{"start":{"line":24,"column":4},"end":{"line":26,"column":null}},"type":"if","locations":[{"start":{"line":24,"column":4},"end":{"line":26,"column":null}},{"start":{"line":24,"column":4},"end":{"line":26,"column":null}}]},"2":{"loc":{"start":{"line":32,"column":4},"end":{"line":36,"column":null}},"type":"if","locations":[{"start":{"line":32,"column":4},"end":{"line":36,"column":null}},{"start":{"line":34,"column":11},"end":{"line":36,"column":null}}]},"3":{"loc":{"start":{"line":42,"column":7},"end":{"line":42,"column":null}},"type":"binary-expr","locations":[{"start":{"line":42,"column":7},"end":{"line":42,"column":18}},{"start":{"line":42,"column":18},"end":{"line":42,"column":null}}]},"4":{"loc":{"start":{"line":43,"column":7},"end":{"line":43,"column":null}},"type":"binary-expr","locations":[{"start":{"line":43,"column":7},"end":{"line":43,"column":18}},{"start":{"line":43,"column":18},"end":{"line":43,"column":null}}]},"5":{"loc":{"start":{"line":43,"column":45},"end":{"line":43,"column":75}},"type":"binary-expr","locations":[{"start":{"line":43,"column":45},"end":{"line":43,"column":67}},{"start":{"line":43,"column":67},"end":{"line":43,"column":75}}]},"6":{"loc":{"start":{"line":44,"column":7},"end":{"line":44,"column":null}},"type":"binary-expr","locations":[{"start":{"line":44,"column":7},"end":{"line":44,"column":20}},{"start":{"line":44,"column":20},"end":{"line":44,"column":null}}]},"7":{"loc":{"start":{"line":114,"column":20},"end":{"line":114,"column":73}},"type":"cond-expr","locations":[{"start":{"line":114,"column":31},"end":{"line":114,"column":63}},{"start":{"line":114,"column":63},"end":{"line":114,"column":73}}]}},"s":{"0":0,"1":0,"2":0,"3":0,"4":0,"5":0,"6":0,"7":0,"8":0,"9":0,"10":0,"11":0,"12":0,"13":0,"14":0,"15":0,"16":0,"17":0,"18":0,"19":0,"20":0,"21":0,"22":0,"23":0},"f":{"0":0,"1":0,"2":0,"3":0,"4":0,"5":0,"6":0,"7":0},"b":{"0":[0,0],"1":[0,0],"2":[0,0],"3":[0,0],"4":[0,0],"5":[0,0],"6":[0,0],"7":[0,0]}}
,"/root/projects/ProjektIO/frontend/src/routes/Root.jsx": {"path":"/root/projects/ProjektIO/frontend/src/routes/Root.jsx","statementMap":{"0":{"start":{"line":7,"column":2},"end":{"line":17,"column":null}}},"fnMap":{"0":{"name":"Root","decl":{"start":{"line":6,"column":24},"end":{"line":6,"column":31}},"loc":{"start":{"line":6,"column":31},"end":{"line":19,"column":null}}}},"branchMap":{},"s":{"0":3},"f":{"0":3},"b":{}}
}
